Using GPU...
share_observation_space:  [Box(130,), Box(130,), Box(130,), Box(130,), Box(130,)]
observation_space:  [Box(92,), Box(92,), Box(92,), Box(92,), Box(92,)]
action_space:  [Discrete(11), Discrete(11), Discrete(11), Discrete(11), Discrete(11)]

 Map protoss_5_vs_5 Algo mappo Exp RMAPPO updates 0/3125 episodes, total num timesteps 3200/1e7, FPS 226.

eval win rate is 0.0.

 Map protoss_5_vs_5 Algo mappo Exp RMAPPO updates 5/3125 episodes, total num timesteps 19200/1e7, FPS 290.

eval win rate is 0.0.

 Map protoss_5_vs_5 Algo mappo Exp RMAPPO updates 10/3125 episodes, total num timesteps 35200/1e7, FPS 321.

eval win rate is 0.0.

 Map protoss_5_vs_5 Algo mappo Exp RMAPPO updates 15/3125 episodes, total num timesteps 51200/1e7, FPS 349.

eval win rate is 0.08823529411764706.

 Map protoss_5_vs_5 Algo mappo Exp RMAPPO updates 20/3125 episodes, total num timesteps 67200/1e7, FPS 367.

eval win rate is 0.08823529411764706.

 Map protoss_5_vs_5 Algo mappo Exp RMAPPO updates 25/3125 episodes, total num timesteps 83200/1e7, FPS 379.

eval win rate is 0.06060606060606061.

 Map protoss_5_vs_5 Algo mappo Exp RMAPPO updates 30/3125 episodes, total num timesteps 99200/1e7, FPS 388.

eval win rate is 0.06060606060606061.

 Map protoss_5_vs_5 Algo mappo Exp RMAPPO updates 35/3125 episodes, total num timesteps 115200/1e7, FPS 395.

eval win rate is 0.18181818181818182.

 Map protoss_5_vs_5 Algo mappo Exp RMAPPO updates 40/3125 episodes, total num timesteps 131200/1e7, FPS 401.

eval win rate is 0.030303030303030304.

 Map protoss_5_vs_5 Algo mappo Exp RMAPPO updates 45/3125 episodes, total num timesteps 147200/1e7, FPS 405.

eval win rate is 0.029411764705882353.

 Map protoss_5_vs_5 Algo mappo Exp RMAPPO updates 50/3125 episodes, total num timesteps 163200/1e7, FPS 408.

eval win rate is 0.0.

 Map protoss_5_vs_5 Algo mappo Exp RMAPPO updates 55/3125 episodes, total num timesteps 179200/1e7, FPS 411.

eval win rate is 0.06060606060606061.

 Map protoss_5_vs_5 Algo mappo Exp RMAPPO updates 60/3125 episodes, total num timesteps 195200/1e7, FPS 414.

eval win rate is 0.06060606060606061.

 Map protoss_5_vs_5 Algo mappo Exp RMAPPO updates 65/3125 episodes, total num timesteps 211200/1e7, FPS 417.

eval win rate is 0.030303030303030304.

 Map protoss_5_vs_5 Algo mappo Exp RMAPPO updates 70/3125 episodes, total num timesteps 227200/1e7, FPS 419.

eval win rate is 0.030303030303030304.

 Map protoss_5_vs_5 Algo mappo Exp RMAPPO updates 75/3125 episodes, total num timesteps 243200/1e7, FPS 421.

eval win rate is 0.09090909090909091.

 Map protoss_5_vs_5 Algo mappo Exp RMAPPO updates 80/3125 episodes, total num timesteps 259200/1e7, FPS 422.

eval win rate is 0.12121212121212122.

 Map protoss_5_vs_5 Algo mappo Exp RMAPPO updates 85/3125 episodes, total num timesteps 275200/1e7, FPS 424.

eval win rate is 0.0.

 Map protoss_5_vs_5 Algo mappo Exp RMAPPO updates 90/3125 episodes, total num timesteps 291200/1e7, FPS 425.

eval win rate is 0.0.

 Map protoss_5_vs_5 Algo mappo Exp RMAPPO updates 95/3125 episodes, total num timesteps 307200/1e7, FPS 427.

eval win rate is 0.06060606060606061.

 Map protoss_5_vs_5 Algo mappo Exp RMAPPO updates 100/3125 episodes, total num timesteps 323200/1e7, FPS 428.

eval win rate is 0.0.

 Map protoss_5_vs_5 Algo mappo Exp RMAPPO updates 105/3125 episodes, total num timesteps 339200/1e7, FPS 429.

eval win rate is 0.06060606060606061.

 Map protoss_5_vs_5 Algo mappo Exp RMAPPO updates 110/3125 episodes, total num timesteps 355200/1e7, FPS 430.

eval win rate is 0.030303030303030304.

 Map protoss_5_vs_5 Algo mappo Exp RMAPPO updates 115/3125 episodes, total num timesteps 371200/1e7, FPS 431.

eval win rate is 0.09090909090909091.

 Map protoss_5_vs_5 Algo mappo Exp RMAPPO updates 120/3125 episodes, total num timesteps 387200/1e7, FPS 431.

eval win rate is 0.08823529411764706.

 Map protoss_5_vs_5 Algo mappo Exp RMAPPO updates 125/3125 episodes, total num timesteps 403200/1e7, FPS 432.

eval win rate is 0.030303030303030304.

 Map protoss_5_vs_5 Algo mappo Exp RMAPPO updates 130/3125 episodes, total num timesteps 419200/1e7, FPS 433.

eval win rate is 0.06060606060606061.

 Map protoss_5_vs_5 Algo mappo Exp RMAPPO updates 135/3125 episodes, total num timesteps 435200/1e7, FPS 433.

eval win rate is 0.12121212121212122.

 Map protoss_5_vs_5 Algo mappo Exp RMAPPO updates 140/3125 episodes, total num timesteps 451200/1e7, FPS 434.

eval win rate is 0.18181818181818182.

 Map protoss_5_vs_5 Algo mappo Exp RMAPPO updates 145/3125 episodes, total num timesteps 467200/1e7, FPS 435.

eval win rate is 0.12121212121212122.

 Map protoss_5_vs_5 Algo mappo Exp RMAPPO updates 150/3125 episodes, total num timesteps 483200/1e7, FPS 435.

eval win rate is 0.15151515151515152.

 Map protoss_5_vs_5 Algo mappo Exp RMAPPO updates 155/3125 episodes, total num timesteps 499200/1e7, FPS 436.

eval win rate is 0.0.

 Map protoss_5_vs_5 Algo mappo Exp RMAPPO updates 160/3125 episodes, total num timesteps 515200/1e7, FPS 436.

eval win rate is 0.15151515151515152.

 Map protoss_5_vs_5 Algo mappo Exp RMAPPO updates 165/3125 episodes, total num timesteps 531200/1e7, FPS 418.

eval win rate is 0.12121212121212122.

 Map protoss_5_vs_5 Algo mappo Exp RMAPPO updates 170/3125 episodes, total num timesteps 547200/1e7, FPS 419.

eval win rate is 0.09090909090909091.

 Map protoss_5_vs_5 Algo mappo Exp RMAPPO updates 175/3125 episodes, total num timesteps 563200/1e7, FPS 420.

eval win rate is 0.08571428571428572.

 Map protoss_5_vs_5 Algo mappo Exp RMAPPO updates 180/3125 episodes, total num timesteps 579200/1e7, FPS 421.

eval win rate is 0.06060606060606061.

 Map protoss_5_vs_5 Algo mappo Exp RMAPPO updates 185/3125 episodes, total num timesteps 595200/1e7, FPS 421.

eval win rate is 0.09090909090909091.

 Map protoss_5_vs_5 Algo mappo Exp RMAPPO updates 190/3125 episodes, total num timesteps 611200/1e7, FPS 422.

eval win rate is 0.2727272727272727.

 Map protoss_5_vs_5 Algo mappo Exp RMAPPO updates 195/3125 episodes, total num timesteps 627200/1e7, FPS 422.

eval win rate is 0.09090909090909091.

 Map protoss_5_vs_5 Algo mappo Exp RMAPPO updates 200/3125 episodes, total num timesteps 643200/1e7, FPS 423.

eval win rate is 0.24242424242424243.

 Map protoss_5_vs_5 Algo mappo Exp RMAPPO updates 205/3125 episodes, total num timesteps 659200/1e7, FPS 424.

eval win rate is 0.06060606060606061.

 Map protoss_5_vs_5 Algo mappo Exp RMAPPO updates 210/3125 episodes, total num timesteps 675200/1e7, FPS 424.

eval win rate is 0.18181818181818182.

 Map protoss_5_vs_5 Algo mappo Exp RMAPPO updates 215/3125 episodes, total num timesteps 691200/1e7, FPS 425.

eval win rate is 0.08571428571428572.

 Map protoss_5_vs_5 Algo mappo Exp RMAPPO updates 220/3125 episodes, total num timesteps 707200/1e7, FPS 425.

eval win rate is 0.06060606060606061.

 Map protoss_5_vs_5 Algo mappo Exp RMAPPO updates 225/3125 episodes, total num timesteps 723200/1e7, FPS 426.

eval win rate is 0.17647058823529413.

 Map protoss_5_vs_5 Algo mappo Exp RMAPPO updates 230/3125 episodes, total num timesteps 739200/1e7, FPS 427.

eval win rate is 0.15151515151515152.

 Map protoss_5_vs_5 Algo mappo Exp RMAPPO updates 235/3125 episodes, total num timesteps 755200/1e7, FPS 427.

eval win rate is 0.18181818181818182.

 Map protoss_5_vs_5 Algo mappo Exp RMAPPO updates 240/3125 episodes, total num timesteps 771200/1e7, FPS 427.

eval win rate is 0.06060606060606061.

 Map protoss_5_vs_5 Algo mappo Exp RMAPPO updates 245/3125 episodes, total num timesteps 787200/1e7, FPS 428.

eval win rate is 0.18181818181818182.

 Map protoss_5_vs_5 Algo mappo Exp RMAPPO updates 250/3125 episodes, total num timesteps 803200/1e7, FPS 428.

eval win rate is 0.15151515151515152.

 Map protoss_5_vs_5 Algo mappo Exp RMAPPO updates 255/3125 episodes, total num timesteps 819200/1e7, FPS 429.

eval win rate is 0.18181818181818182.

 Map protoss_5_vs_5 Algo mappo Exp RMAPPO updates 260/3125 episodes, total num timesteps 835200/1e7, FPS 429.

eval win rate is 0.15151515151515152.

 Map protoss_5_vs_5 Algo mappo Exp RMAPPO updates 265/3125 episodes, total num timesteps 851200/1e7, FPS 430.

eval win rate is 0.21212121212121213.

 Map protoss_5_vs_5 Algo mappo Exp RMAPPO updates 270/3125 episodes, total num timesteps 867200/1e7, FPS 430.

eval win rate is 0.30303030303030304.

 Map protoss_5_vs_5 Algo mappo Exp RMAPPO updates 275/3125 episodes, total num timesteps 883200/1e7, FPS 430.

eval win rate is 0.20588235294117646.

 Map protoss_5_vs_5 Algo mappo Exp RMAPPO updates 280/3125 episodes, total num timesteps 899200/1e7, FPS 431.

eval win rate is 0.06060606060606061.

 Map protoss_5_vs_5 Algo mappo Exp RMAPPO updates 285/3125 episodes, total num timesteps 915200/1e7, FPS 431.

eval win rate is 0.18181818181818182.

 Map protoss_5_vs_5 Algo mappo Exp RMAPPO updates 290/3125 episodes, total num timesteps 931200/1e7, FPS 432.

eval win rate is 0.06060606060606061.

 Map protoss_5_vs_5 Algo mappo Exp RMAPPO updates 295/3125 episodes, total num timesteps 947200/1e7, FPS 432.

eval win rate is 0.15151515151515152.

 Map protoss_5_vs_5 Algo mappo Exp RMAPPO updates 300/3125 episodes, total num timesteps 963200/1e7, FPS 433.

eval win rate is 0.09090909090909091.

 Map protoss_5_vs_5 Algo mappo Exp RMAPPO updates 305/3125 episodes, total num timesteps 979200/1e7, FPS 434.

eval win rate is 0.24242424242424243.

 Map protoss_5_vs_5 Algo mappo Exp RMAPPO updates 310/3125 episodes, total num timesteps 995200/1e7, FPS 435.

eval win rate is 0.3333333333333333.

 Map protoss_5_vs_5 Algo mappo Exp RMAPPO updates 315/3125 episodes, total num timesteps 1011200/1e7, FPS 435.

eval win rate is 0.17647058823529413.

 Map protoss_5_vs_5 Algo mappo Exp RMAPPO updates 320/3125 episodes, total num timesteps 1027200/1e7, FPS 436.

eval win rate is 0.18181818181818182.

 Map protoss_5_vs_5 Algo mappo Exp RMAPPO updates 325/3125 episodes, total num timesteps 1043200/1e7, FPS 427.

eval win rate is 0.18181818181818182.

 Map protoss_5_vs_5 Algo mappo Exp RMAPPO updates 330/3125 episodes, total num timesteps 1059200/1e7, FPS 428.

eval win rate is 0.18181818181818182.

 Map protoss_5_vs_5 Algo mappo Exp RMAPPO updates 335/3125 episodes, total num timesteps 1075200/1e7, FPS 430.

eval win rate is 0.21212121212121213.

 Map protoss_5_vs_5 Algo mappo Exp RMAPPO updates 340/3125 episodes, total num timesteps 1091200/1e7, FPS 431.

eval win rate is 0.21212121212121213.

 Map protoss_5_vs_5 Algo mappo Exp RMAPPO updates 345/3125 episodes, total num timesteps 1107200/1e7, FPS 432.

eval win rate is 0.3333333333333333.

 Map protoss_5_vs_5 Algo mappo Exp RMAPPO updates 350/3125 episodes, total num timesteps 1123200/1e7, FPS 433.

eval win rate is 0.09090909090909091.

 Map protoss_5_vs_5 Algo mappo Exp RMAPPO updates 355/3125 episodes, total num timesteps 1139200/1e7, FPS 434.

eval win rate is 0.2727272727272727.

 Map protoss_5_vs_5 Algo mappo Exp RMAPPO updates 360/3125 episodes, total num timesteps 1155200/1e7, FPS 435.

eval win rate is 0.3333333333333333.

 Map protoss_5_vs_5 Algo mappo Exp RMAPPO updates 365/3125 episodes, total num timesteps 1171200/1e7, FPS 436.

eval win rate is 0.15151515151515152.

 Map protoss_5_vs_5 Algo mappo Exp RMAPPO updates 370/3125 episodes, total num timesteps 1187200/1e7, FPS 436.

eval win rate is 0.2727272727272727.

 Map protoss_5_vs_5 Algo mappo Exp RMAPPO updates 375/3125 episodes, total num timesteps 1203200/1e7, FPS 437.

eval win rate is 0.12121212121212122.

 Map protoss_5_vs_5 Algo mappo Exp RMAPPO updates 380/3125 episodes, total num timesteps 1219200/1e7, FPS 438.

eval win rate is 0.21212121212121213.

 Map protoss_5_vs_5 Algo mappo Exp RMAPPO updates 385/3125 episodes, total num timesteps 1235200/1e7, FPS 439.

eval win rate is 0.3939393939393939.

 Map protoss_5_vs_5 Algo mappo Exp RMAPPO updates 390/3125 episodes, total num timesteps 1251200/1e7, FPS 439.

eval win rate is 0.2727272727272727.

 Map protoss_5_vs_5 Algo mappo Exp RMAPPO updates 395/3125 episodes, total num timesteps 1267200/1e7, FPS 440.

eval win rate is 0.18181818181818182.

 Map protoss_5_vs_5 Algo mappo Exp RMAPPO updates 400/3125 episodes, total num timesteps 1283200/1e7, FPS 440.

eval win rate is 0.18181818181818182.

 Map protoss_5_vs_5 Algo mappo Exp RMAPPO updates 405/3125 episodes, total num timesteps 1299200/1e7, FPS 440.

eval win rate is 0.30303030303030304.

 Map protoss_5_vs_5 Algo mappo Exp RMAPPO updates 410/3125 episodes, total num timesteps 1315200/1e7, FPS 441.

eval win rate is 0.21212121212121213.

 Map protoss_5_vs_5 Algo mappo Exp RMAPPO updates 415/3125 episodes, total num timesteps 1331200/1e7, FPS 441.

eval win rate is 0.37142857142857144.

 Map protoss_5_vs_5 Algo mappo Exp RMAPPO updates 420/3125 episodes, total num timesteps 1347200/1e7, FPS 441.

eval win rate is 0.21212121212121213.

 Map protoss_5_vs_5 Algo mappo Exp RMAPPO updates 425/3125 episodes, total num timesteps 1363200/1e7, FPS 441.

eval win rate is 0.18181818181818182.

 Map protoss_5_vs_5 Algo mappo Exp RMAPPO updates 430/3125 episodes, total num timesteps 1379200/1e7, FPS 442.

eval win rate is 0.20588235294117646.

 Map protoss_5_vs_5 Algo mappo Exp RMAPPO updates 435/3125 episodes, total num timesteps 1395200/1e7, FPS 442.

eval win rate is 0.12121212121212122.

 Map protoss_5_vs_5 Algo mappo Exp RMAPPO updates 440/3125 episodes, total num timesteps 1411200/1e7, FPS 442.

eval win rate is 0.21212121212121213.

 Map protoss_5_vs_5 Algo mappo Exp RMAPPO updates 445/3125 episodes, total num timesteps 1427200/1e7, FPS 443.

eval win rate is 0.12121212121212122.

 Map protoss_5_vs_5 Algo mappo Exp RMAPPO updates 450/3125 episodes, total num timesteps 1443200/1e7, FPS 443.

eval win rate is 0.15151515151515152.

 Map protoss_5_vs_5 Algo mappo Exp RMAPPO updates 455/3125 episodes, total num timesteps 1459200/1e7, FPS 443.

eval win rate is 0.20588235294117646.

 Map protoss_5_vs_5 Algo mappo Exp RMAPPO updates 460/3125 episodes, total num timesteps 1475200/1e7, FPS 443.

eval win rate is 0.2727272727272727.

 Map protoss_5_vs_5 Algo mappo Exp RMAPPO updates 465/3125 episodes, total num timesteps 1491200/1e7, FPS 444.

eval win rate is 0.3235294117647059.

 Map protoss_5_vs_5 Algo mappo Exp RMAPPO updates 470/3125 episodes, total num timesteps 1507200/1e7, FPS 444.

eval win rate is 0.21212121212121213.

 Map protoss_5_vs_5 Algo mappo Exp RMAPPO updates 475/3125 episodes, total num timesteps 1523200/1e7, FPS 444.

eval win rate is 0.2727272727272727.

 Map protoss_5_vs_5 Algo mappo Exp RMAPPO updates 480/3125 episodes, total num timesteps 1539200/1e7, FPS 445.

eval win rate is 0.30303030303030304.

 Map protoss_5_vs_5 Algo mappo Exp RMAPPO updates 485/3125 episodes, total num timesteps 1555200/1e7, FPS 445.

eval win rate is 0.30303030303030304.

 Map protoss_5_vs_5 Algo mappo Exp RMAPPO updates 490/3125 episodes, total num timesteps 1571200/1e7, FPS 441.

eval win rate is 0.30303030303030304.

 Map protoss_5_vs_5 Algo mappo Exp RMAPPO updates 495/3125 episodes, total num timesteps 1587200/1e7, FPS 441.

eval win rate is 0.2727272727272727.

 Map protoss_5_vs_5 Algo mappo Exp RMAPPO updates 500/3125 episodes, total num timesteps 1603200/1e7, FPS 442.

eval win rate is 0.2727272727272727.

 Map protoss_5_vs_5 Algo mappo Exp RMAPPO updates 505/3125 episodes, total num timesteps 1619200/1e7, FPS 443.

eval win rate is 0.35294117647058826.

 Map protoss_5_vs_5 Algo mappo Exp RMAPPO updates 510/3125 episodes, total num timesteps 1635200/1e7, FPS 443.

eval win rate is 0.2727272727272727.

 Map protoss_5_vs_5 Algo mappo Exp RMAPPO updates 515/3125 episodes, total num timesteps 1651200/1e7, FPS 443.

eval win rate is 0.3333333333333333.

 Map protoss_5_vs_5 Algo mappo Exp RMAPPO updates 520/3125 episodes, total num timesteps 1667200/1e7, FPS 443.

eval win rate is 0.17647058823529413.

 Map protoss_5_vs_5 Algo mappo Exp RMAPPO updates 525/3125 episodes, total num timesteps 1683200/1e7, FPS 443.

eval win rate is 0.24242424242424243.

 Map protoss_5_vs_5 Algo mappo Exp RMAPPO updates 530/3125 episodes, total num timesteps 1699200/1e7, FPS 443.

eval win rate is 0.3333333333333333.

 Map protoss_5_vs_5 Algo mappo Exp RMAPPO updates 535/3125 episodes, total num timesteps 1715200/1e7, FPS 443.

eval win rate is 0.3333333333333333.

 Map protoss_5_vs_5 Algo mappo Exp RMAPPO updates 540/3125 episodes, total num timesteps 1731200/1e7, FPS 444.

eval win rate is 0.08823529411764706.

 Map protoss_5_vs_5 Algo mappo Exp RMAPPO updates 545/3125 episodes, total num timesteps 1747200/1e7, FPS 444.

eval win rate is 0.29411764705882354.

 Map protoss_5_vs_5 Algo mappo Exp RMAPPO updates 550/3125 episodes, total num timesteps 1763200/1e7, FPS 444.

eval win rate is 0.36363636363636365.

 Map protoss_5_vs_5 Algo mappo Exp RMAPPO updates 555/3125 episodes, total num timesteps 1779200/1e7, FPS 444.

eval win rate is 0.38235294117647056.

 Map protoss_5_vs_5 Algo mappo Exp RMAPPO updates 560/3125 episodes, total num timesteps 1795200/1e7, FPS 443.

eval win rate is 0.24242424242424243.

 Map protoss_5_vs_5 Algo mappo Exp RMAPPO updates 565/3125 episodes, total num timesteps 1811200/1e7, FPS 443.

eval win rate is 0.2727272727272727.

 Map protoss_5_vs_5 Algo mappo Exp RMAPPO updates 570/3125 episodes, total num timesteps 1827200/1e7, FPS 442.

eval win rate is 0.3333333333333333.

 Map protoss_5_vs_5 Algo mappo Exp RMAPPO updates 575/3125 episodes, total num timesteps 1843200/1e7, FPS 442.

eval win rate is 0.42424242424242425.

 Map protoss_5_vs_5 Algo mappo Exp RMAPPO updates 580/3125 episodes, total num timesteps 1859200/1e7, FPS 441.

eval win rate is 0.24242424242424243.

 Map protoss_5_vs_5 Algo mappo Exp RMAPPO updates 585/3125 episodes, total num timesteps 1875200/1e7, FPS 441.

eval win rate is 0.45454545454545453.

 Map protoss_5_vs_5 Algo mappo Exp RMAPPO updates 590/3125 episodes, total num timesteps 1891200/1e7, FPS 441.

eval win rate is 0.3333333333333333.

 Map protoss_5_vs_5 Algo mappo Exp RMAPPO updates 595/3125 episodes, total num timesteps 1907200/1e7, FPS 442.

eval win rate is 0.30303030303030304.

 Map protoss_5_vs_5 Algo mappo Exp RMAPPO updates 600/3125 episodes, total num timesteps 1923200/1e7, FPS 442.

eval win rate is 0.21212121212121213.

 Map protoss_5_vs_5 Algo mappo Exp RMAPPO updates 605/3125 episodes, total num timesteps 1939200/1e7, FPS 442.

eval win rate is 0.30303030303030304.

 Map protoss_5_vs_5 Algo mappo Exp RMAPPO updates 610/3125 episodes, total num timesteps 1955200/1e7, FPS 442.

eval win rate is 0.2727272727272727.

 Map protoss_5_vs_5 Algo mappo Exp RMAPPO updates 615/3125 episodes, total num timesteps 1971200/1e7, FPS 442.

eval win rate is 0.3333333333333333.

 Map protoss_5_vs_5 Algo mappo Exp RMAPPO updates 620/3125 episodes, total num timesteps 1987200/1e7, FPS 443.

eval win rate is 0.23529411764705882.

 Map protoss_5_vs_5 Algo mappo Exp RMAPPO updates 625/3125 episodes, total num timesteps 2003200/1e7, FPS 443.

eval win rate is 0.36363636363636365.

 Map protoss_5_vs_5 Algo mappo Exp RMAPPO updates 630/3125 episodes, total num timesteps 2019200/1e7, FPS 443.

eval win rate is 0.30303030303030304.

 Map protoss_5_vs_5 Algo mappo Exp RMAPPO updates 635/3125 episodes, total num timesteps 2035200/1e7, FPS 443.

eval win rate is 0.24242424242424243.

 Map protoss_5_vs_5 Algo mappo Exp RMAPPO updates 640/3125 episodes, total num timesteps 2051200/1e7, FPS 443.

eval win rate is 0.2727272727272727.

 Map protoss_5_vs_5 Algo mappo Exp RMAPPO updates 645/3125 episodes, total num timesteps 2067200/1e7, FPS 444.

eval win rate is 0.38235294117647056.

 Map protoss_5_vs_5 Algo mappo Exp RMAPPO updates 650/3125 episodes, total num timesteps 2083200/1e7, FPS 439.

eval win rate is 0.3939393939393939.

 Map protoss_5_vs_5 Algo mappo Exp RMAPPO updates 655/3125 episodes, total num timesteps 2099200/1e7, FPS 439.

eval win rate is 0.2727272727272727.

 Map protoss_5_vs_5 Algo mappo Exp RMAPPO updates 660/3125 episodes, total num timesteps 2115200/1e7, FPS 440.

eval win rate is 0.3333333333333333.

 Map protoss_5_vs_5 Algo mappo Exp RMAPPO updates 665/3125 episodes, total num timesteps 2131200/1e7, FPS 440.

eval win rate is 0.2647058823529412.

 Map protoss_5_vs_5 Algo mappo Exp RMAPPO updates 670/3125 episodes, total num timesteps 2147200/1e7, FPS 440.

eval win rate is 0.37142857142857144.

 Map protoss_5_vs_5 Algo mappo Exp RMAPPO updates 675/3125 episodes, total num timesteps 2163200/1e7, FPS 440.

eval win rate is 0.36363636363636365.

 Map protoss_5_vs_5 Algo mappo Exp RMAPPO updates 680/3125 episodes, total num timesteps 2179200/1e7, FPS 441.

eval win rate is 0.21212121212121213.

 Map protoss_5_vs_5 Algo mappo Exp RMAPPO updates 685/3125 episodes, total num timesteps 2195200/1e7, FPS 441.

eval win rate is 0.30303030303030304.

 Map protoss_5_vs_5 Algo mappo Exp RMAPPO updates 690/3125 episodes, total num timesteps 2211200/1e7, FPS 441.

eval win rate is 0.30303030303030304.

 Map protoss_5_vs_5 Algo mappo Exp RMAPPO updates 695/3125 episodes, total num timesteps 2227200/1e7, FPS 441.

eval win rate is 0.24242424242424243.

 Map protoss_5_vs_5 Algo mappo Exp RMAPPO updates 700/3125 episodes, total num timesteps 2243200/1e7, FPS 442.

eval win rate is 0.42424242424242425.

 Map protoss_5_vs_5 Algo mappo Exp RMAPPO updates 705/3125 episodes, total num timesteps 2259200/1e7, FPS 442.

eval win rate is 0.4117647058823529.

 Map protoss_5_vs_5 Algo mappo Exp RMAPPO updates 710/3125 episodes, total num timesteps 2275200/1e7, FPS 442.

eval win rate is 0.2727272727272727.

 Map protoss_5_vs_5 Algo mappo Exp RMAPPO updates 715/3125 episodes, total num timesteps 2291200/1e7, FPS 442.

eval win rate is 0.30303030303030304.

 Map protoss_5_vs_5 Algo mappo Exp RMAPPO updates 720/3125 episodes, total num timesteps 2307200/1e7, FPS 442.

eval win rate is 0.24242424242424243.

 Map protoss_5_vs_5 Algo mappo Exp RMAPPO updates 725/3125 episodes, total num timesteps 2323200/1e7, FPS 442.

eval win rate is 0.36363636363636365.

 Map protoss_5_vs_5 Algo mappo Exp RMAPPO updates 730/3125 episodes, total num timesteps 2339200/1e7, FPS 443.

eval win rate is 0.30303030303030304.

 Map protoss_5_vs_5 Algo mappo Exp RMAPPO updates 735/3125 episodes, total num timesteps 2355200/1e7, FPS 443.

eval win rate is 0.3939393939393939.

 Map protoss_5_vs_5 Algo mappo Exp RMAPPO updates 740/3125 episodes, total num timesteps 2371200/1e7, FPS 443.

eval win rate is 0.36363636363636365.

 Map protoss_5_vs_5 Algo mappo Exp RMAPPO updates 745/3125 episodes, total num timesteps 2387200/1e7, FPS 443.

eval win rate is 0.3333333333333333.

 Map protoss_5_vs_5 Algo mappo Exp RMAPPO updates 750/3125 episodes, total num timesteps 2403200/1e7, FPS 443.

eval win rate is 0.2727272727272727.

 Map protoss_5_vs_5 Algo mappo Exp RMAPPO updates 755/3125 episodes, total num timesteps 2419200/1e7, FPS 444.

eval win rate is 0.30303030303030304.

 Map protoss_5_vs_5 Algo mappo Exp RMAPPO updates 760/3125 episodes, total num timesteps 2435200/1e7, FPS 444.

eval win rate is 0.30303030303030304.

 Map protoss_5_vs_5 Algo mappo Exp RMAPPO updates 765/3125 episodes, total num timesteps 2451200/1e7, FPS 444.

eval win rate is 0.45454545454545453.

 Map protoss_5_vs_5 Algo mappo Exp RMAPPO updates 770/3125 episodes, total num timesteps 2467200/1e7, FPS 444.

eval win rate is 0.30303030303030304.

 Map protoss_5_vs_5 Algo mappo Exp RMAPPO updates 775/3125 episodes, total num timesteps 2483200/1e7, FPS 444.

eval win rate is 0.38235294117647056.

 Map protoss_5_vs_5 Algo mappo Exp RMAPPO updates 780/3125 episodes, total num timesteps 2499200/1e7, FPS 444.

eval win rate is 0.3333333333333333.

 Map protoss_5_vs_5 Algo mappo Exp RMAPPO updates 785/3125 episodes, total num timesteps 2515200/1e7, FPS 444.

eval win rate is 0.30303030303030304.

 Map protoss_5_vs_5 Algo mappo Exp RMAPPO updates 790/3125 episodes, total num timesteps 2531200/1e7, FPS 445.

eval win rate is 0.21212121212121213.

 Map protoss_5_vs_5 Algo mappo Exp RMAPPO updates 795/3125 episodes, total num timesteps 2547200/1e7, FPS 445.

eval win rate is 0.2727272727272727.

 Map protoss_5_vs_5 Algo mappo Exp RMAPPO updates 800/3125 episodes, total num timesteps 2563200/1e7, FPS 445.

eval win rate is 0.30303030303030304.

 Map protoss_5_vs_5 Algo mappo Exp RMAPPO updates 805/3125 episodes, total num timesteps 2579200/1e7, FPS 445.

eval win rate is 0.30303030303030304.

 Map protoss_5_vs_5 Algo mappo Exp RMAPPO updates 810/3125 episodes, total num timesteps 2595200/1e7, FPS 445.

eval win rate is 0.2727272727272727.

 Map protoss_5_vs_5 Algo mappo Exp RMAPPO updates 815/3125 episodes, total num timesteps 2611200/1e7, FPS 442.

eval win rate is 0.3333333333333333.

 Map protoss_5_vs_5 Algo mappo Exp RMAPPO updates 820/3125 episodes, total num timesteps 2627200/1e7, FPS 442.

eval win rate is 0.2727272727272727.

 Map protoss_5_vs_5 Algo mappo Exp RMAPPO updates 825/3125 episodes, total num timesteps 2643200/1e7, FPS 442.

eval win rate is 0.2727272727272727.

 Map protoss_5_vs_5 Algo mappo Exp RMAPPO updates 830/3125 episodes, total num timesteps 2659200/1e7, FPS 443.

eval win rate is 0.3333333333333333.

 Map protoss_5_vs_5 Algo mappo Exp RMAPPO updates 835/3125 episodes, total num timesteps 2675200/1e7, FPS 443.

eval win rate is 0.3333333333333333.

 Map protoss_5_vs_5 Algo mappo Exp RMAPPO updates 840/3125 episodes, total num timesteps 2691200/1e7, FPS 443.

eval win rate is 0.36363636363636365.

 Map protoss_5_vs_5 Algo mappo Exp RMAPPO updates 845/3125 episodes, total num timesteps 2707200/1e7, FPS 443.

eval win rate is 0.3333333333333333.

 Map protoss_5_vs_5 Algo mappo Exp RMAPPO updates 850/3125 episodes, total num timesteps 2723200/1e7, FPS 443.

eval win rate is 0.36363636363636365.

 Map protoss_5_vs_5 Algo mappo Exp RMAPPO updates 855/3125 episodes, total num timesteps 2739200/1e7, FPS 443.

eval win rate is 0.2727272727272727.

 Map protoss_5_vs_5 Algo mappo Exp RMAPPO updates 860/3125 episodes, total num timesteps 2755200/1e7, FPS 444.

eval win rate is 0.30303030303030304.

 Map protoss_5_vs_5 Algo mappo Exp RMAPPO updates 865/3125 episodes, total num timesteps 2771200/1e7, FPS 444.

eval win rate is 0.4117647058823529.

 Map protoss_5_vs_5 Algo mappo Exp RMAPPO updates 870/3125 episodes, total num timesteps 2787200/1e7, FPS 444.

eval win rate is 0.3939393939393939.

 Map protoss_5_vs_5 Algo mappo Exp RMAPPO updates 875/3125 episodes, total num timesteps 2803200/1e7, FPS 444.

eval win rate is 0.3333333333333333.

 Map protoss_5_vs_5 Algo mappo Exp RMAPPO updates 880/3125 episodes, total num timesteps 2819200/1e7, FPS 444.

eval win rate is 0.3333333333333333.

 Map protoss_5_vs_5 Algo mappo Exp RMAPPO updates 885/3125 episodes, total num timesteps 2835200/1e7, FPS 445.

eval win rate is 0.36363636363636365.

 Map protoss_5_vs_5 Algo mappo Exp RMAPPO updates 890/3125 episodes, total num timesteps 2851200/1e7, FPS 445.

eval win rate is 0.3333333333333333.

 Map protoss_5_vs_5 Algo mappo Exp RMAPPO updates 895/3125 episodes, total num timesteps 2867200/1e7, FPS 445.

eval win rate is 0.2727272727272727.

 Map protoss_5_vs_5 Algo mappo Exp RMAPPO updates 900/3125 episodes, total num timesteps 2883200/1e7, FPS 445.

eval win rate is 0.30303030303030304.

 Map protoss_5_vs_5 Algo mappo Exp RMAPPO updates 905/3125 episodes, total num timesteps 2899200/1e7, FPS 445.

eval win rate is 0.36363636363636365.

 Map protoss_5_vs_5 Algo mappo Exp RMAPPO updates 910/3125 episodes, total num timesteps 2915200/1e7, FPS 445.

eval win rate is 0.3333333333333333.

 Map protoss_5_vs_5 Algo mappo Exp RMAPPO updates 915/3125 episodes, total num timesteps 2931200/1e7, FPS 445.

eval win rate is 0.3939393939393939.

 Map protoss_5_vs_5 Algo mappo Exp RMAPPO updates 920/3125 episodes, total num timesteps 2947200/1e7, FPS 446.

eval win rate is 0.29411764705882354.

 Map protoss_5_vs_5 Algo mappo Exp RMAPPO updates 925/3125 episodes, total num timesteps 2963200/1e7, FPS 446.

eval win rate is 0.30303030303030304.

 Map protoss_5_vs_5 Algo mappo Exp RMAPPO updates 930/3125 episodes, total num timesteps 2979200/1e7, FPS 446.

eval win rate is 0.30303030303030304.

 Map protoss_5_vs_5 Algo mappo Exp RMAPPO updates 935/3125 episodes, total num timesteps 2995200/1e7, FPS 446.

eval win rate is 0.3333333333333333.

 Map protoss_5_vs_5 Algo mappo Exp RMAPPO updates 940/3125 episodes, total num timesteps 3011200/1e7, FPS 446.

eval win rate is 0.30303030303030304.

 Map protoss_5_vs_5 Algo mappo Exp RMAPPO updates 945/3125 episodes, total num timesteps 3027200/1e7, FPS 446.

eval win rate is 0.42424242424242425.

 Map protoss_5_vs_5 Algo mappo Exp RMAPPO updates 950/3125 episodes, total num timesteps 3043200/1e7, FPS 447.

eval win rate is 0.3333333333333333.

 Map protoss_5_vs_5 Algo mappo Exp RMAPPO updates 955/3125 episodes, total num timesteps 3059200/1e7, FPS 447.

eval win rate is 0.21212121212121213.

 Map protoss_5_vs_5 Algo mappo Exp RMAPPO updates 960/3125 episodes, total num timesteps 3075200/1e7, FPS 447.

eval win rate is 0.3939393939393939.

 Map protoss_5_vs_5 Algo mappo Exp RMAPPO updates 965/3125 episodes, total num timesteps 3091200/1e7, FPS 447.

eval win rate is 0.36363636363636365.

 Map protoss_5_vs_5 Algo mappo Exp RMAPPO updates 970/3125 episodes, total num timesteps 3107200/1e7, FPS 447.

eval win rate is 0.45454545454545453.

 Map protoss_5_vs_5 Algo mappo Exp RMAPPO updates 975/3125 episodes, total num timesteps 3123200/1e7, FPS 444.

eval win rate is 0.30303030303030304.

 Map protoss_5_vs_5 Algo mappo Exp RMAPPO updates 980/3125 episodes, total num timesteps 3139200/1e7, FPS 444.

eval win rate is 0.2727272727272727.

 Map protoss_5_vs_5 Algo mappo Exp RMAPPO updates 985/3125 episodes, total num timesteps 3155200/1e7, FPS 444.

eval win rate is 0.30303030303030304.

 Map protoss_5_vs_5 Algo mappo Exp RMAPPO updates 990/3125 episodes, total num timesteps 3171200/1e7, FPS 444.

eval win rate is 0.3235294117647059.

 Map protoss_5_vs_5 Algo mappo Exp RMAPPO updates 995/3125 episodes, total num timesteps 3187200/1e7, FPS 444.

eval win rate is 0.36363636363636365.

 Map protoss_5_vs_5 Algo mappo Exp RMAPPO updates 1000/3125 episodes, total num timesteps 3203200/1e7, FPS 445.

eval win rate is 0.5.

 Map protoss_5_vs_5 Algo mappo Exp RMAPPO updates 1005/3125 episodes, total num timesteps 3219200/1e7, FPS 445.

eval win rate is 0.30303030303030304.

 Map protoss_5_vs_5 Algo mappo Exp RMAPPO updates 1010/3125 episodes, total num timesteps 3235200/1e7, FPS 445.

eval win rate is 0.35294117647058826.

 Map protoss_5_vs_5 Algo mappo Exp RMAPPO updates 1015/3125 episodes, total num timesteps 3251200/1e7, FPS 445.

eval win rate is 0.18181818181818182.

 Map protoss_5_vs_5 Algo mappo Exp RMAPPO updates 1020/3125 episodes, total num timesteps 3267200/1e7, FPS 445.

eval win rate is 0.24242424242424243.

 Map protoss_5_vs_5 Algo mappo Exp RMAPPO updates 1025/3125 episodes, total num timesteps 3283200/1e7, FPS 445.

eval win rate is 0.24242424242424243.

 Map protoss_5_vs_5 Algo mappo Exp RMAPPO updates 1030/3125 episodes, total num timesteps 3299200/1e7, FPS 445.

eval win rate is 0.21212121212121213.

 Map protoss_5_vs_5 Algo mappo Exp RMAPPO updates 1035/3125 episodes, total num timesteps 3315200/1e7, FPS 446.

eval win rate is 0.18181818181818182.

 Map protoss_5_vs_5 Algo mappo Exp RMAPPO updates 1040/3125 episodes, total num timesteps 3331200/1e7, FPS 446.

eval win rate is 0.30303030303030304.

 Map protoss_5_vs_5 Algo mappo Exp RMAPPO updates 1045/3125 episodes, total num timesteps 3347200/1e7, FPS 446.

eval win rate is 0.24242424242424243.

 Map protoss_5_vs_5 Algo mappo Exp RMAPPO updates 1050/3125 episodes, total num timesteps 3363200/1e7, FPS 446.

eval win rate is 0.15151515151515152.

 Map protoss_5_vs_5 Algo mappo Exp RMAPPO updates 1055/3125 episodes, total num timesteps 3379200/1e7, FPS 446.

eval win rate is 0.42424242424242425.

 Map protoss_5_vs_5 Algo mappo Exp RMAPPO updates 1060/3125 episodes, total num timesteps 3395200/1e7, FPS 446.

eval win rate is 0.30303030303030304.

 Map protoss_5_vs_5 Algo mappo Exp RMAPPO updates 1065/3125 episodes, total num timesteps 3411200/1e7, FPS 446.

eval win rate is 0.21212121212121213.

 Map protoss_5_vs_5 Algo mappo Exp RMAPPO updates 1070/3125 episodes, total num timesteps 3427200/1e7, FPS 446.

eval win rate is 0.45454545454545453.

 Map protoss_5_vs_5 Algo mappo Exp RMAPPO updates 1075/3125 episodes, total num timesteps 3443200/1e7, FPS 447.

eval win rate is 0.3939393939393939.

 Map protoss_5_vs_5 Algo mappo Exp RMAPPO updates 1080/3125 episodes, total num timesteps 3459200/1e7, FPS 447.

eval win rate is 0.21212121212121213.

 Map protoss_5_vs_5 Algo mappo Exp RMAPPO updates 1085/3125 episodes, total num timesteps 3475200/1e7, FPS 447.

eval win rate is 0.42424242424242425.

 Map protoss_5_vs_5 Algo mappo Exp RMAPPO updates 1090/3125 episodes, total num timesteps 3491200/1e7, FPS 447.

eval win rate is 0.3333333333333333.

 Map protoss_5_vs_5 Algo mappo Exp RMAPPO updates 1095/3125 episodes, total num timesteps 3507200/1e7, FPS 447.

eval win rate is 0.36363636363636365.

 Map protoss_5_vs_5 Algo mappo Exp RMAPPO updates 1100/3125 episodes, total num timesteps 3523200/1e7, FPS 447.

eval win rate is 0.45454545454545453.

 Map protoss_5_vs_5 Algo mappo Exp RMAPPO updates 1105/3125 episodes, total num timesteps 3539200/1e7, FPS 447.

eval win rate is 0.11764705882352941.

 Map protoss_5_vs_5 Algo mappo Exp RMAPPO updates 1110/3125 episodes, total num timesteps 3555200/1e7, FPS 447.

eval win rate is 0.3939393939393939.

 Map protoss_5_vs_5 Algo mappo Exp RMAPPO updates 1115/3125 episodes, total num timesteps 3571200/1e7, FPS 448.

eval win rate is 0.24242424242424243.

 Map protoss_5_vs_5 Algo mappo Exp RMAPPO updates 1120/3125 episodes, total num timesteps 3587200/1e7, FPS 448.

eval win rate is 0.2647058823529412.

 Map protoss_5_vs_5 Algo mappo Exp RMAPPO updates 1125/3125 episodes, total num timesteps 3603200/1e7, FPS 448.

eval win rate is 0.42424242424242425.

 Map protoss_5_vs_5 Algo mappo Exp RMAPPO updates 1130/3125 episodes, total num timesteps 3619200/1e7, FPS 448.

eval win rate is 0.2647058823529412.

 Map protoss_5_vs_5 Algo mappo Exp RMAPPO updates 1135/3125 episodes, total num timesteps 3635200/1e7, FPS 448.

eval win rate is 0.45454545454545453.

 Map protoss_5_vs_5 Algo mappo Exp RMAPPO updates 1140/3125 episodes, total num timesteps 3651200/1e7, FPS 446.

eval win rate is 0.36363636363636365.

 Map protoss_5_vs_5 Algo mappo Exp RMAPPO updates 1145/3125 episodes, total num timesteps 3667200/1e7, FPS 446.

eval win rate is 0.5151515151515151.

 Map protoss_5_vs_5 Algo mappo Exp RMAPPO updates 1150/3125 episodes, total num timesteps 3683200/1e7, FPS 446.

eval win rate is 0.24242424242424243.

 Map protoss_5_vs_5 Algo mappo Exp RMAPPO updates 1155/3125 episodes, total num timesteps 3699200/1e7, FPS 446.

eval win rate is 0.24242424242424243.

 Map protoss_5_vs_5 Algo mappo Exp RMAPPO updates 1160/3125 episodes, total num timesteps 3715200/1e7, FPS 446.

eval win rate is 0.4411764705882353.

 Map protoss_5_vs_5 Algo mappo Exp RMAPPO updates 1165/3125 episodes, total num timesteps 3731200/1e7, FPS 446.

eval win rate is 0.36363636363636365.

 Map protoss_5_vs_5 Algo mappo Exp RMAPPO updates 1170/3125 episodes, total num timesteps 3747200/1e7, FPS 447.

eval win rate is 0.3235294117647059.

 Map protoss_5_vs_5 Algo mappo Exp RMAPPO updates 1175/3125 episodes, total num timesteps 3763200/1e7, FPS 447.

eval win rate is 0.30303030303030304.

 Map protoss_5_vs_5 Algo mappo Exp RMAPPO updates 1180/3125 episodes, total num timesteps 3779200/1e7, FPS 447.

eval win rate is 0.5151515151515151.

 Map protoss_5_vs_5 Algo mappo Exp RMAPPO updates 1185/3125 episodes, total num timesteps 3795200/1e7, FPS 447.

eval win rate is 0.3939393939393939.

 Map protoss_5_vs_5 Algo mappo Exp RMAPPO updates 1190/3125 episodes, total num timesteps 3811200/1e7, FPS 447.

eval win rate is 0.36363636363636365.

 Map protoss_5_vs_5 Algo mappo Exp RMAPPO updates 1195/3125 episodes, total num timesteps 3827200/1e7, FPS 447.

eval win rate is 0.36363636363636365.

 Map protoss_5_vs_5 Algo mappo Exp RMAPPO updates 1200/3125 episodes, total num timesteps 3843200/1e7, FPS 447.

eval win rate is 0.3939393939393939.

 Map protoss_5_vs_5 Algo mappo Exp RMAPPO updates 1205/3125 episodes, total num timesteps 3859200/1e7, FPS 447.

eval win rate is 0.29411764705882354.

 Map protoss_5_vs_5 Algo mappo Exp RMAPPO updates 1210/3125 episodes, total num timesteps 3875200/1e7, FPS 447.

eval win rate is 0.36363636363636365.

 Map protoss_5_vs_5 Algo mappo Exp RMAPPO updates 1215/3125 episodes, total num timesteps 3891200/1e7, FPS 447.

eval win rate is 0.5151515151515151.

 Map protoss_5_vs_5 Algo mappo Exp RMAPPO updates 1220/3125 episodes, total num timesteps 3907200/1e7, FPS 448.

eval win rate is 0.2727272727272727.

 Map protoss_5_vs_5 Algo mappo Exp RMAPPO updates 1225/3125 episodes, total num timesteps 3923200/1e7, FPS 448.

eval win rate is 0.42424242424242425.

 Map protoss_5_vs_5 Algo mappo Exp RMAPPO updates 1230/3125 episodes, total num timesteps 3939200/1e7, FPS 448.

eval win rate is 0.45454545454545453.

 Map protoss_5_vs_5 Algo mappo Exp RMAPPO updates 1235/3125 episodes, total num timesteps 3955200/1e7, FPS 448.

eval win rate is 0.45454545454545453.

 Map protoss_5_vs_5 Algo mappo Exp RMAPPO updates 1240/3125 episodes, total num timesteps 3971200/1e7, FPS 448.

eval win rate is 0.3939393939393939.

 Map protoss_5_vs_5 Algo mappo Exp RMAPPO updates 1245/3125 episodes, total num timesteps 3987200/1e7, FPS 448.

eval win rate is 0.36363636363636365.

 Map protoss_5_vs_5 Algo mappo Exp RMAPPO updates 1250/3125 episodes, total num timesteps 4003200/1e7, FPS 448.

eval win rate is 0.3939393939393939.

 Map protoss_5_vs_5 Algo mappo Exp RMAPPO updates 1255/3125 episodes, total num timesteps 4019200/1e7, FPS 448.

eval win rate is 0.30303030303030304.

 Map protoss_5_vs_5 Algo mappo Exp RMAPPO updates 1260/3125 episodes, total num timesteps 4035200/1e7, FPS 448.

eval win rate is 0.30303030303030304.

 Map protoss_5_vs_5 Algo mappo Exp RMAPPO updates 1265/3125 episodes, total num timesteps 4051200/1e7, FPS 448.

eval win rate is 0.3333333333333333.

 Map protoss_5_vs_5 Algo mappo Exp RMAPPO updates 1270/3125 episodes, total num timesteps 4067200/1e7, FPS 448.

eval win rate is 0.36363636363636365.

 Map protoss_5_vs_5 Algo mappo Exp RMAPPO updates 1275/3125 episodes, total num timesteps 4083200/1e7, FPS 448.

eval win rate is 0.24242424242424243.

 Map protoss_5_vs_5 Algo mappo Exp RMAPPO updates 1280/3125 episodes, total num timesteps 4099200/1e7, FPS 448.

eval win rate is 0.36363636363636365.

 Map protoss_5_vs_5 Algo mappo Exp RMAPPO updates 1285/3125 episodes, total num timesteps 4115200/1e7, FPS 448.

eval win rate is 0.3333333333333333.

 Map protoss_5_vs_5 Algo mappo Exp RMAPPO updates 1290/3125 episodes, total num timesteps 4131200/1e7, FPS 448.

eval win rate is 0.30303030303030304.

 Map protoss_5_vs_5 Algo mappo Exp RMAPPO updates 1295/3125 episodes, total num timesteps 4147200/1e7, FPS 448.

eval win rate is 0.3333333333333333.

 Map protoss_5_vs_5 Algo mappo Exp RMAPPO updates 1300/3125 episodes, total num timesteps 4163200/1e7, FPS 446.

eval win rate is 0.24242424242424243.

 Map protoss_5_vs_5 Algo mappo Exp RMAPPO updates 1305/3125 episodes, total num timesteps 4179200/1e7, FPS 446.

eval win rate is 0.37142857142857144.

 Map protoss_5_vs_5 Algo mappo Exp RMAPPO updates 1310/3125 episodes, total num timesteps 4195200/1e7, FPS 446.

eval win rate is 0.45454545454545453.

 Map protoss_5_vs_5 Algo mappo Exp RMAPPO updates 1315/3125 episodes, total num timesteps 4211200/1e7, FPS 446.

eval win rate is 0.6060606060606061.

 Map protoss_5_vs_5 Algo mappo Exp RMAPPO updates 1320/3125 episodes, total num timesteps 4227200/1e7, FPS 446.

eval win rate is 0.42424242424242425.

 Map protoss_5_vs_5 Algo mappo Exp RMAPPO updates 1325/3125 episodes, total num timesteps 4243200/1e7, FPS 446.

eval win rate is 0.3333333333333333.

 Map protoss_5_vs_5 Algo mappo Exp RMAPPO updates 1330/3125 episodes, total num timesteps 4259200/1e7, FPS 447.

eval win rate is 0.3939393939393939.

 Map protoss_5_vs_5 Algo mappo Exp RMAPPO updates 1335/3125 episodes, total num timesteps 4275200/1e7, FPS 447.

eval win rate is 0.3939393939393939.

 Map protoss_5_vs_5 Algo mappo Exp RMAPPO updates 1340/3125 episodes, total num timesteps 4291200/1e7, FPS 447.

eval win rate is 0.42424242424242425.

 Map protoss_5_vs_5 Algo mappo Exp RMAPPO updates 1345/3125 episodes, total num timesteps 4307200/1e7, FPS 447.

eval win rate is 0.3939393939393939.

 Map protoss_5_vs_5 Algo mappo Exp RMAPPO updates 1350/3125 episodes, total num timesteps 4323200/1e7, FPS 447.

eval win rate is 0.3939393939393939.

 Map protoss_5_vs_5 Algo mappo Exp RMAPPO updates 1355/3125 episodes, total num timesteps 4339200/1e7, FPS 447.

eval win rate is 0.30303030303030304.

 Map protoss_5_vs_5 Algo mappo Exp RMAPPO updates 1360/3125 episodes, total num timesteps 4355200/1e7, FPS 447.

eval win rate is 0.3939393939393939.

 Map protoss_5_vs_5 Algo mappo Exp RMAPPO updates 1365/3125 episodes, total num timesteps 4371200/1e7, FPS 447.

eval win rate is 0.45454545454545453.

 Map protoss_5_vs_5 Algo mappo Exp RMAPPO updates 1370/3125 episodes, total num timesteps 4387200/1e7, FPS 447.

eval win rate is 0.29411764705882354.

 Map protoss_5_vs_5 Algo mappo Exp RMAPPO updates 1375/3125 episodes, total num timesteps 4403200/1e7, FPS 447.

eval win rate is 0.45454545454545453.

 Map protoss_5_vs_5 Algo mappo Exp RMAPPO updates 1380/3125 episodes, total num timesteps 4419200/1e7, FPS 447.

eval win rate is 0.48484848484848486.

 Map protoss_5_vs_5 Algo mappo Exp RMAPPO updates 1385/3125 episodes, total num timesteps 4435200/1e7, FPS 447.

eval win rate is 0.5454545454545454.

 Map protoss_5_vs_5 Algo mappo Exp RMAPPO updates 1390/3125 episodes, total num timesteps 4451200/1e7, FPS 447.

eval win rate is 0.36363636363636365.

 Map protoss_5_vs_5 Algo mappo Exp RMAPPO updates 1395/3125 episodes, total num timesteps 4467200/1e7, FPS 447.

eval win rate is 0.47058823529411764.

 Map protoss_5_vs_5 Algo mappo Exp RMAPPO updates 1400/3125 episodes, total num timesteps 4483200/1e7, FPS 447.

eval win rate is 0.45454545454545453.

 Map protoss_5_vs_5 Algo mappo Exp RMAPPO updates 1405/3125 episodes, total num timesteps 4499200/1e7, FPS 447.

eval win rate is 0.21212121212121213.

 Map protoss_5_vs_5 Algo mappo Exp RMAPPO updates 1410/3125 episodes, total num timesteps 4515200/1e7, FPS 447.

eval win rate is 0.21212121212121213.

 Map protoss_5_vs_5 Algo mappo Exp RMAPPO updates 1415/3125 episodes, total num timesteps 4531200/1e7, FPS 448.

eval win rate is 0.5151515151515151.

 Map protoss_5_vs_5 Algo mappo Exp RMAPPO updates 1420/3125 episodes, total num timesteps 4547200/1e7, FPS 448.

eval win rate is 0.3939393939393939.

 Map protoss_5_vs_5 Algo mappo Exp RMAPPO updates 1425/3125 episodes, total num timesteps 4563200/1e7, FPS 448.

eval win rate is 0.3939393939393939.

 Map protoss_5_vs_5 Algo mappo Exp RMAPPO updates 1430/3125 episodes, total num timesteps 4579200/1e7, FPS 448.

eval win rate is 0.45454545454545453.

 Map protoss_5_vs_5 Algo mappo Exp RMAPPO updates 1435/3125 episodes, total num timesteps 4595200/1e7, FPS 448.

eval win rate is 0.3939393939393939.

 Map protoss_5_vs_5 Algo mappo Exp RMAPPO updates 1440/3125 episodes, total num timesteps 4611200/1e7, FPS 448.

eval win rate is 0.3939393939393939.

 Map protoss_5_vs_5 Algo mappo Exp RMAPPO updates 1445/3125 episodes, total num timesteps 4627200/1e7, FPS 448.

eval win rate is 0.5151515151515151.

 Map protoss_5_vs_5 Algo mappo Exp RMAPPO updates 1450/3125 episodes, total num timesteps 4643200/1e7, FPS 448.

eval win rate is 0.38235294117647056.

 Map protoss_5_vs_5 Algo mappo Exp RMAPPO updates 1455/3125 episodes, total num timesteps 4659200/1e7, FPS 448.

eval win rate is 0.4117647058823529.

 Map protoss_5_vs_5 Algo mappo Exp RMAPPO updates 1460/3125 episodes, total num timesteps 4675200/1e7, FPS 448.

eval win rate is 0.3939393939393939.

 Map protoss_5_vs_5 Algo mappo Exp RMAPPO updates 1465/3125 episodes, total num timesteps 4691200/1e7, FPS 446.

eval win rate is 0.5454545454545454.

 Map protoss_5_vs_5 Algo mappo Exp RMAPPO updates 1470/3125 episodes, total num timesteps 4707200/1e7, FPS 446.

eval win rate is 0.24242424242424243.

 Map protoss_5_vs_5 Algo mappo Exp RMAPPO updates 1475/3125 episodes, total num timesteps 4723200/1e7, FPS 447.

eval win rate is 0.2727272727272727.

 Map protoss_5_vs_5 Algo mappo Exp RMAPPO updates 1480/3125 episodes, total num timesteps 4739200/1e7, FPS 447.

eval win rate is 0.42424242424242425.

 Map protoss_5_vs_5 Algo mappo Exp RMAPPO updates 1485/3125 episodes, total num timesteps 4755200/1e7, FPS 447.

eval win rate is 0.45454545454545453.

 Map protoss_5_vs_5 Algo mappo Exp RMAPPO updates 1490/3125 episodes, total num timesteps 4771200/1e7, FPS 447.

eval win rate is 0.3939393939393939.

 Map protoss_5_vs_5 Algo mappo Exp RMAPPO updates 1495/3125 episodes, total num timesteps 4787200/1e7, FPS 447.

eval win rate is 0.42424242424242425.

 Map protoss_5_vs_5 Algo mappo Exp RMAPPO updates 1500/3125 episodes, total num timesteps 4803200/1e7, FPS 447.

eval win rate is 0.3333333333333333.

 Map protoss_5_vs_5 Algo mappo Exp RMAPPO updates 1505/3125 episodes, total num timesteps 4819200/1e7, FPS 447.

eval win rate is 0.36363636363636365.

 Map protoss_5_vs_5 Algo mappo Exp RMAPPO updates 1510/3125 episodes, total num timesteps 4835200/1e7, FPS 447.

eval win rate is 0.45454545454545453.

 Map protoss_5_vs_5 Algo mappo Exp RMAPPO updates 1515/3125 episodes, total num timesteps 4851200/1e7, FPS 447.

eval win rate is 0.3939393939393939.

 Map protoss_5_vs_5 Algo mappo Exp RMAPPO updates 1520/3125 episodes, total num timesteps 4867200/1e7, FPS 447.

eval win rate is 0.2647058823529412.

 Map protoss_5_vs_5 Algo mappo Exp RMAPPO updates 1525/3125 episodes, total num timesteps 4883200/1e7, FPS 447.

eval win rate is 0.30303030303030304.

 Map protoss_5_vs_5 Algo mappo Exp RMAPPO updates 1530/3125 episodes, total num timesteps 4899200/1e7, FPS 447.

eval win rate is 0.30303030303030304.

 Map protoss_5_vs_5 Algo mappo Exp RMAPPO updates 1535/3125 episodes, total num timesteps 4915200/1e7, FPS 447.

eval win rate is 0.3939393939393939.

 Map protoss_5_vs_5 Algo mappo Exp RMAPPO updates 1540/3125 episodes, total num timesteps 4931200/1e7, FPS 447.

eval win rate is 0.45454545454545453.

 Map protoss_5_vs_5 Algo mappo Exp RMAPPO updates 1545/3125 episodes, total num timesteps 4947200/1e7, FPS 447.

eval win rate is 0.38235294117647056.

 Map protoss_5_vs_5 Algo mappo Exp RMAPPO updates 1550/3125 episodes, total num timesteps 4963200/1e7, FPS 447.

eval win rate is 0.45454545454545453.

 Map protoss_5_vs_5 Algo mappo Exp RMAPPO updates 1555/3125 episodes, total num timesteps 4979200/1e7, FPS 448.

eval win rate is 0.3939393939393939.

 Map protoss_5_vs_5 Algo mappo Exp RMAPPO updates 1560/3125 episodes, total num timesteps 4995200/1e7, FPS 448.

eval win rate is 0.42424242424242425.

 Map protoss_5_vs_5 Algo mappo Exp RMAPPO updates 1565/3125 episodes, total num timesteps 5011200/1e7, FPS 448.

eval win rate is 0.5151515151515151.

 Map protoss_5_vs_5 Algo mappo Exp RMAPPO updates 1570/3125 episodes, total num timesteps 5027200/1e7, FPS 448.

eval win rate is 0.30303030303030304.

 Map protoss_5_vs_5 Algo mappo Exp RMAPPO updates 1575/3125 episodes, total num timesteps 5043200/1e7, FPS 448.

eval win rate is 0.42424242424242425.

 Map protoss_5_vs_5 Algo mappo Exp RMAPPO updates 1580/3125 episodes, total num timesteps 5059200/1e7, FPS 448.

eval win rate is 0.35294117647058826.

 Map protoss_5_vs_5 Algo mappo Exp RMAPPO updates 1585/3125 episodes, total num timesteps 5075200/1e7, FPS 448.

eval win rate is 0.42857142857142855.

 Map protoss_5_vs_5 Algo mappo Exp RMAPPO updates 1590/3125 episodes, total num timesteps 5091200/1e7, FPS 448.

eval win rate is 0.5757575757575758.

 Map protoss_5_vs_5 Algo mappo Exp RMAPPO updates 1595/3125 episodes, total num timesteps 5107200/1e7, FPS 448.

eval win rate is 0.35294117647058826.

 Map protoss_5_vs_5 Algo mappo Exp RMAPPO updates 1600/3125 episodes, total num timesteps 5123200/1e7, FPS 448.

eval win rate is 0.36363636363636365.

 Map protoss_5_vs_5 Algo mappo Exp RMAPPO updates 1605/3125 episodes, total num timesteps 5139200/1e7, FPS 448.

eval win rate is 0.2727272727272727.

 Map protoss_5_vs_5 Algo mappo Exp RMAPPO updates 1610/3125 episodes, total num timesteps 5155200/1e7, FPS 448.

eval win rate is 0.45454545454545453.

 Map protoss_5_vs_5 Algo mappo Exp RMAPPO updates 1615/3125 episodes, total num timesteps 5171200/1e7, FPS 448.

eval win rate is 0.48484848484848486.

 Map protoss_5_vs_5 Algo mappo Exp RMAPPO updates 1620/3125 episodes, total num timesteps 5187200/1e7, FPS 448.

eval win rate is 0.5151515151515151.

 Map protoss_5_vs_5 Algo mappo Exp RMAPPO updates 1625/3125 episodes, total num timesteps 5203200/1e7, FPS 446.

eval win rate is 0.3333333333333333.

 Map protoss_5_vs_5 Algo mappo Exp RMAPPO updates 1630/3125 episodes, total num timesteps 5219200/1e7, FPS 446.

eval win rate is 0.30303030303030304.

 Map protoss_5_vs_5 Algo mappo Exp RMAPPO updates 1635/3125 episodes, total num timesteps 5235200/1e7, FPS 446.

eval win rate is 0.36363636363636365.

 Map protoss_5_vs_5 Algo mappo Exp RMAPPO updates 1640/3125 episodes, total num timesteps 5251200/1e7, FPS 446.

eval win rate is 0.48484848484848486.

 Map protoss_5_vs_5 Algo mappo Exp RMAPPO updates 1645/3125 episodes, total num timesteps 5267200/1e7, FPS 446.

eval win rate is 0.5151515151515151.

 Map protoss_5_vs_5 Algo mappo Exp RMAPPO updates 1650/3125 episodes, total num timesteps 5283200/1e7, FPS 446.

eval win rate is 0.30303030303030304.

 Map protoss_5_vs_5 Algo mappo Exp RMAPPO updates 1655/3125 episodes, total num timesteps 5299200/1e7, FPS 447.

eval win rate is 0.5151515151515151.

 Map protoss_5_vs_5 Algo mappo Exp RMAPPO updates 1660/3125 episodes, total num timesteps 5315200/1e7, FPS 447.

eval win rate is 0.36363636363636365.

 Map protoss_5_vs_5 Algo mappo Exp RMAPPO updates 1665/3125 episodes, total num timesteps 5331200/1e7, FPS 447.

eval win rate is 0.42424242424242425.

 Map protoss_5_vs_5 Algo mappo Exp RMAPPO updates 1670/3125 episodes, total num timesteps 5347200/1e7, FPS 447.

eval win rate is 0.48484848484848486.

 Map protoss_5_vs_5 Algo mappo Exp RMAPPO updates 1675/3125 episodes, total num timesteps 5363200/1e7, FPS 447.

eval win rate is 0.36363636363636365.

 Map protoss_5_vs_5 Algo mappo Exp RMAPPO updates 1680/3125 episodes, total num timesteps 5379200/1e7, FPS 447.

eval win rate is 0.42424242424242425.

 Map protoss_5_vs_5 Algo mappo Exp RMAPPO updates 1685/3125 episodes, total num timesteps 5395200/1e7, FPS 447.

eval win rate is 0.3333333333333333.

 Map protoss_5_vs_5 Algo mappo Exp RMAPPO updates 1690/3125 episodes, total num timesteps 5411200/1e7, FPS 447.

eval win rate is 0.45454545454545453.

 Map protoss_5_vs_5 Algo mappo Exp RMAPPO updates 1695/3125 episodes, total num timesteps 5427200/1e7, FPS 447.

eval win rate is 0.3939393939393939.

 Map protoss_5_vs_5 Algo mappo Exp RMAPPO updates 1700/3125 episodes, total num timesteps 5443200/1e7, FPS 447.

eval win rate is 0.24242424242424243.

 Map protoss_5_vs_5 Algo mappo Exp RMAPPO updates 1705/3125 episodes, total num timesteps 5459200/1e7, FPS 447.

eval win rate is 0.3939393939393939.

 Map protoss_5_vs_5 Algo mappo Exp RMAPPO updates 1710/3125 episodes, total num timesteps 5475200/1e7, FPS 447.

eval win rate is 0.42424242424242425.

 Map protoss_5_vs_5 Algo mappo Exp RMAPPO updates 1715/3125 episodes, total num timesteps 5491200/1e7, FPS 447.

eval win rate is 0.38235294117647056.

 Map protoss_5_vs_5 Algo mappo Exp RMAPPO updates 1720/3125 episodes, total num timesteps 5507200/1e7, FPS 447.

eval win rate is 0.5151515151515151.

 Map protoss_5_vs_5 Algo mappo Exp RMAPPO updates 1725/3125 episodes, total num timesteps 5523200/1e7, FPS 447.

eval win rate is 0.3939393939393939.

 Map protoss_5_vs_5 Algo mappo Exp RMAPPO updates 1730/3125 episodes, total num timesteps 5539200/1e7, FPS 447.

eval win rate is 0.5454545454545454.

 Map protoss_5_vs_5 Algo mappo Exp RMAPPO updates 1735/3125 episodes, total num timesteps 5555200/1e7, FPS 447.

eval win rate is 0.45454545454545453.

 Map protoss_5_vs_5 Algo mappo Exp RMAPPO updates 1740/3125 episodes, total num timesteps 5571200/1e7, FPS 447.

eval win rate is 0.36363636363636365.

 Map protoss_5_vs_5 Algo mappo Exp RMAPPO updates 1745/3125 episodes, total num timesteps 5587200/1e7, FPS 447.

eval win rate is 0.3939393939393939.

 Map protoss_5_vs_5 Algo mappo Exp RMAPPO updates 1750/3125 episodes, total num timesteps 5603200/1e7, FPS 448.

eval win rate is 0.3333333333333333.

 Map protoss_5_vs_5 Algo mappo Exp RMAPPO updates 1755/3125 episodes, total num timesteps 5619200/1e7, FPS 448.

eval win rate is 0.30303030303030304.

 Map protoss_5_vs_5 Algo mappo Exp RMAPPO updates 1760/3125 episodes, total num timesteps 5635200/1e7, FPS 448.

eval win rate is 0.18181818181818182.

 Map protoss_5_vs_5 Algo mappo Exp RMAPPO updates 1765/3125 episodes, total num timesteps 5651200/1e7, FPS 448.

eval win rate is 0.3333333333333333.

 Map protoss_5_vs_5 Algo mappo Exp RMAPPO updates 1770/3125 episodes, total num timesteps 5667200/1e7, FPS 448.

eval win rate is 0.42424242424242425.

 Map protoss_5_vs_5 Algo mappo Exp RMAPPO updates 1775/3125 episodes, total num timesteps 5683200/1e7, FPS 448.

eval win rate is 0.2727272727272727.

 Map protoss_5_vs_5 Algo mappo Exp RMAPPO updates 1780/3125 episodes, total num timesteps 5699200/1e7, FPS 448.

eval win rate is 0.45454545454545453.

 Map protoss_5_vs_5 Algo mappo Exp RMAPPO updates 1785/3125 episodes, total num timesteps 5715200/1e7, FPS 448.

eval win rate is 0.36363636363636365.

 Map protoss_5_vs_5 Algo mappo Exp RMAPPO updates 1790/3125 episodes, total num timesteps 5731200/1e7, FPS 446.

eval win rate is 0.3939393939393939.

 Map protoss_5_vs_5 Algo mappo Exp RMAPPO updates 1795/3125 episodes, total num timesteps 5747200/1e7, FPS 446.

eval win rate is 0.47058823529411764.

 Map protoss_5_vs_5 Algo mappo Exp RMAPPO updates 1800/3125 episodes, total num timesteps 5763200/1e7, FPS 446.

eval win rate is 0.36363636363636365.

 Map protoss_5_vs_5 Algo mappo Exp RMAPPO updates 1805/3125 episodes, total num timesteps 5779200/1e7, FPS 446.

eval win rate is 0.30303030303030304.

 Map protoss_5_vs_5 Algo mappo Exp RMAPPO updates 1810/3125 episodes, total num timesteps 5795200/1e7, FPS 446.

eval win rate is 0.3939393939393939.

 Map protoss_5_vs_5 Algo mappo Exp RMAPPO updates 1815/3125 episodes, total num timesteps 5811200/1e7, FPS 446.

eval win rate is 0.30303030303030304.

 Map protoss_5_vs_5 Algo mappo Exp RMAPPO updates 1820/3125 episodes, total num timesteps 5827200/1e7, FPS 446.

eval win rate is 0.47058823529411764.

 Map protoss_5_vs_5 Algo mappo Exp RMAPPO updates 1825/3125 episodes, total num timesteps 5843200/1e7, FPS 446.

eval win rate is 0.3333333333333333.

 Map protoss_5_vs_5 Algo mappo Exp RMAPPO updates 1830/3125 episodes, total num timesteps 5859200/1e7, FPS 446.

eval win rate is 0.45454545454545453.

 Map protoss_5_vs_5 Algo mappo Exp RMAPPO updates 1835/3125 episodes, total num timesteps 5875200/1e7, FPS 446.

eval win rate is 0.42424242424242425.

 Map protoss_5_vs_5 Algo mappo Exp RMAPPO updates 1840/3125 episodes, total num timesteps 5891200/1e7, FPS 447.

eval win rate is 0.42424242424242425.

 Map protoss_5_vs_5 Algo mappo Exp RMAPPO updates 1845/3125 episodes, total num timesteps 5907200/1e7, FPS 447.

eval win rate is 0.42424242424242425.

 Map protoss_5_vs_5 Algo mappo Exp RMAPPO updates 1850/3125 episodes, total num timesteps 5923200/1e7, FPS 447.

eval win rate is 0.5151515151515151.

 Map protoss_5_vs_5 Algo mappo Exp RMAPPO updates 1855/3125 episodes, total num timesteps 5939200/1e7, FPS 447.

eval win rate is 0.2727272727272727.

 Map protoss_5_vs_5 Algo mappo Exp RMAPPO updates 1860/3125 episodes, total num timesteps 5955200/1e7, FPS 447.

eval win rate is 0.2727272727272727.

 Map protoss_5_vs_5 Algo mappo Exp RMAPPO updates 1865/3125 episodes, total num timesteps 5971200/1e7, FPS 447.

eval win rate is 0.3235294117647059.

 Map protoss_5_vs_5 Algo mappo Exp RMAPPO updates 1870/3125 episodes, total num timesteps 5987200/1e7, FPS 447.

eval win rate is 0.4117647058823529.

 Map protoss_5_vs_5 Algo mappo Exp RMAPPO updates 1875/3125 episodes, total num timesteps 6003200/1e7, FPS 447.

eval win rate is 0.3333333333333333.

 Map protoss_5_vs_5 Algo mappo Exp RMAPPO updates 1880/3125 episodes, total num timesteps 6019200/1e7, FPS 447.

eval win rate is 0.5454545454545454.

 Map protoss_5_vs_5 Algo mappo Exp RMAPPO updates 1885/3125 episodes, total num timesteps 6035200/1e7, FPS 447.

eval win rate is 0.3333333333333333.

 Map protoss_5_vs_5 Algo mappo Exp RMAPPO updates 1890/3125 episodes, total num timesteps 6051200/1e7, FPS 447.

eval win rate is 0.36363636363636365.

 Map protoss_5_vs_5 Algo mappo Exp RMAPPO updates 1895/3125 episodes, total num timesteps 6067200/1e7, FPS 447.

eval win rate is 0.29411764705882354.

 Map protoss_5_vs_5 Algo mappo Exp RMAPPO updates 1900/3125 episodes, total num timesteps 6083200/1e7, FPS 447.

eval win rate is 0.48484848484848486.

 Map protoss_5_vs_5 Algo mappo Exp RMAPPO updates 1905/3125 episodes, total num timesteps 6099200/1e7, FPS 447.

eval win rate is 0.24242424242424243.

 Map protoss_5_vs_5 Algo mappo Exp RMAPPO updates 1910/3125 episodes, total num timesteps 6115200/1e7, FPS 447.

eval win rate is 0.48484848484848486.

 Map protoss_5_vs_5 Algo mappo Exp RMAPPO updates 1915/3125 episodes, total num timesteps 6131200/1e7, FPS 447.

eval win rate is 0.36363636363636365.

 Map protoss_5_vs_5 Algo mappo Exp RMAPPO updates 1920/3125 episodes, total num timesteps 6147200/1e7, FPS 447.

eval win rate is 0.2727272727272727.

 Map protoss_5_vs_5 Algo mappo Exp RMAPPO updates 1925/3125 episodes, total num timesteps 6163200/1e7, FPS 447.

eval win rate is 0.36363636363636365.

 Map protoss_5_vs_5 Algo mappo Exp RMAPPO updates 1930/3125 episodes, total num timesteps 6179200/1e7, FPS 447.

eval win rate is 0.35294117647058826.

 Map protoss_5_vs_5 Algo mappo Exp RMAPPO updates 1935/3125 episodes, total num timesteps 6195200/1e7, FPS 447.

eval win rate is 0.3939393939393939.

 Map protoss_5_vs_5 Algo mappo Exp RMAPPO updates 1940/3125 episodes, total num timesteps 6211200/1e7, FPS 447.

eval win rate is 0.45454545454545453.

 Map protoss_5_vs_5 Algo mappo Exp RMAPPO updates 1945/3125 episodes, total num timesteps 6227200/1e7, FPS 447.

eval win rate is 0.30303030303030304.

 Map protoss_5_vs_5 Algo mappo Exp RMAPPO updates 1950/3125 episodes, total num timesteps 6243200/1e7, FPS 446.

eval win rate is 0.45454545454545453.

 Map protoss_5_vs_5 Algo mappo Exp RMAPPO updates 1955/3125 episodes, total num timesteps 6259200/1e7, FPS 446.

eval win rate is 0.42424242424242425.

 Map protoss_5_vs_5 Algo mappo Exp RMAPPO updates 1960/3125 episodes, total num timesteps 6275200/1e7, FPS 446.

eval win rate is 0.21212121212121213.

 Map protoss_5_vs_5 Algo mappo Exp RMAPPO updates 1965/3125 episodes, total num timesteps 6291200/1e7, FPS 447.

eval win rate is 0.5294117647058824.

 Map protoss_5_vs_5 Algo mappo Exp RMAPPO updates 1970/3125 episodes, total num timesteps 6307200/1e7, FPS 447.

eval win rate is 0.48484848484848486.

 Map protoss_5_vs_5 Algo mappo Exp RMAPPO updates 1975/3125 episodes, total num timesteps 6323200/1e7, FPS 447.

eval win rate is 0.3333333333333333.

 Map protoss_5_vs_5 Algo mappo Exp RMAPPO updates 1980/3125 episodes, total num timesteps 6339200/1e7, FPS 447.

eval win rate is 0.3939393939393939.

 Map protoss_5_vs_5 Algo mappo Exp RMAPPO updates 1985/3125 episodes, total num timesteps 6355200/1e7, FPS 447.

eval win rate is 0.30303030303030304.

 Map protoss_5_vs_5 Algo mappo Exp RMAPPO updates 1990/3125 episodes, total num timesteps 6371200/1e7, FPS 447.

eval win rate is 0.3333333333333333.

 Map protoss_5_vs_5 Algo mappo Exp RMAPPO updates 1995/3125 episodes, total num timesteps 6387200/1e7, FPS 447.

eval win rate is 0.42424242424242425.

 Map protoss_5_vs_5 Algo mappo Exp RMAPPO updates 2000/3125 episodes, total num timesteps 6403200/1e7, FPS 447.

eval win rate is 0.5151515151515151.

 Map protoss_5_vs_5 Algo mappo Exp RMAPPO updates 2005/3125 episodes, total num timesteps 6419200/1e7, FPS 447.

eval win rate is 0.3333333333333333.

 Map protoss_5_vs_5 Algo mappo Exp RMAPPO updates 2010/3125 episodes, total num timesteps 6435200/1e7, FPS 447.

eval win rate is 0.45454545454545453.

 Map protoss_5_vs_5 Algo mappo Exp RMAPPO updates 2015/3125 episodes, total num timesteps 6451200/1e7, FPS 447.

eval win rate is 0.4411764705882353.

 Map protoss_5_vs_5 Algo mappo Exp RMAPPO updates 2020/3125 episodes, total num timesteps 6467200/1e7, FPS 447.

eval win rate is 0.36363636363636365.

 Map protoss_5_vs_5 Algo mappo Exp RMAPPO updates 2025/3125 episodes, total num timesteps 6483200/1e7, FPS 447.

eval win rate is 0.42424242424242425.

 Map protoss_5_vs_5 Algo mappo Exp RMAPPO updates 2030/3125 episodes, total num timesteps 6499200/1e7, FPS 447.

eval win rate is 0.2727272727272727.

 Map protoss_5_vs_5 Algo mappo Exp RMAPPO updates 2035/3125 episodes, total num timesteps 6515200/1e7, FPS 447.

eval win rate is 0.5454545454545454.

 Map protoss_5_vs_5 Algo mappo Exp RMAPPO updates 2040/3125 episodes, total num timesteps 6531200/1e7, FPS 447.

eval win rate is 0.5757575757575758.

 Map protoss_5_vs_5 Algo mappo Exp RMAPPO updates 2045/3125 episodes, total num timesteps 6547200/1e7, FPS 447.

eval win rate is 0.5757575757575758.

 Map protoss_5_vs_5 Algo mappo Exp RMAPPO updates 2050/3125 episodes, total num timesteps 6563200/1e7, FPS 447.

eval win rate is 0.21212121212121213.

 Map protoss_5_vs_5 Algo mappo Exp RMAPPO updates 2055/3125 episodes, total num timesteps 6579200/1e7, FPS 447.

eval win rate is 0.4117647058823529.

 Map protoss_5_vs_5 Algo mappo Exp RMAPPO updates 2060/3125 episodes, total num timesteps 6595200/1e7, FPS 447.

eval win rate is 0.45454545454545453.

 Map protoss_5_vs_5 Algo mappo Exp RMAPPO updates 2065/3125 episodes, total num timesteps 6611200/1e7, FPS 448.

eval win rate is 0.42424242424242425.

 Map protoss_5_vs_5 Algo mappo Exp RMAPPO updates 2070/3125 episodes, total num timesteps 6627200/1e7, FPS 448.

eval win rate is 0.48484848484848486.

 Map protoss_5_vs_5 Algo mappo Exp RMAPPO updates 2075/3125 episodes, total num timesteps 6643200/1e7, FPS 448.

eval win rate is 0.6176470588235294.

 Map protoss_5_vs_5 Algo mappo Exp RMAPPO updates 2080/3125 episodes, total num timesteps 6659200/1e7, FPS 448.

eval win rate is 0.3939393939393939.

 Map protoss_5_vs_5 Algo mappo Exp RMAPPO updates 2085/3125 episodes, total num timesteps 6675200/1e7, FPS 448.

eval win rate is 0.48484848484848486.

 Map protoss_5_vs_5 Algo mappo Exp RMAPPO updates 2090/3125 episodes, total num timesteps 6691200/1e7, FPS 448.

eval win rate is 0.6060606060606061.

 Map protoss_5_vs_5 Algo mappo Exp RMAPPO updates 2095/3125 episodes, total num timesteps 6707200/1e7, FPS 448.

eval win rate is 0.3939393939393939.

 Map protoss_5_vs_5 Algo mappo Exp RMAPPO updates 2100/3125 episodes, total num timesteps 6723200/1e7, FPS 448.

eval win rate is 0.5757575757575758.

 Map protoss_5_vs_5 Algo mappo Exp RMAPPO updates 2105/3125 episodes, total num timesteps 6739200/1e7, FPS 448.

eval win rate is 0.5.

 Map protoss_5_vs_5 Algo mappo Exp RMAPPO updates 2110/3125 episodes, total num timesteps 6755200/1e7, FPS 448.

eval win rate is 0.3939393939393939.

 Map protoss_5_vs_5 Algo mappo Exp RMAPPO updates 2115/3125 episodes, total num timesteps 6771200/1e7, FPS 446.

eval win rate is 0.6060606060606061.

 Map protoss_5_vs_5 Algo mappo Exp RMAPPO updates 2120/3125 episodes, total num timesteps 6787200/1e7, FPS 447.

eval win rate is 0.45454545454545453.

 Map protoss_5_vs_5 Algo mappo Exp RMAPPO updates 2125/3125 episodes, total num timesteps 6803200/1e7, FPS 447.

eval win rate is 0.5454545454545454.

 Map protoss_5_vs_5 Algo mappo Exp RMAPPO updates 2130/3125 episodes, total num timesteps 6819200/1e7, FPS 447.

eval win rate is 0.30303030303030304.

 Map protoss_5_vs_5 Algo mappo Exp RMAPPO updates 2135/3125 episodes, total num timesteps 6835200/1e7, FPS 447.

eval win rate is 0.2727272727272727.

 Map protoss_5_vs_5 Algo mappo Exp RMAPPO updates 2140/3125 episodes, total num timesteps 6851200/1e7, FPS 447.

eval win rate is 0.3333333333333333.

 Map protoss_5_vs_5 Algo mappo Exp RMAPPO updates 2145/3125 episodes, total num timesteps 6867200/1e7, FPS 447.

eval win rate is 0.38235294117647056.

 Map protoss_5_vs_5 Algo mappo Exp RMAPPO updates 2150/3125 episodes, total num timesteps 6883200/1e7, FPS 447.

eval win rate is 0.34285714285714286.

 Map protoss_5_vs_5 Algo mappo Exp RMAPPO updates 2155/3125 episodes, total num timesteps 6899200/1e7, FPS 447.

eval win rate is 0.5151515151515151.

 Map protoss_5_vs_5 Algo mappo Exp RMAPPO updates 2160/3125 episodes, total num timesteps 6915200/1e7, FPS 447.

eval win rate is 0.42424242424242425.

 Map protoss_5_vs_5 Algo mappo Exp RMAPPO updates 2165/3125 episodes, total num timesteps 6931200/1e7, FPS 447.

eval win rate is 0.3333333333333333.

 Map protoss_5_vs_5 Algo mappo Exp RMAPPO updates 2170/3125 episodes, total num timesteps 6947200/1e7, FPS 447.

eval win rate is 0.3939393939393939.

 Map protoss_5_vs_5 Algo mappo Exp RMAPPO updates 2175/3125 episodes, total num timesteps 6963200/1e7, FPS 447.

eval win rate is 0.3333333333333333.

 Map protoss_5_vs_5 Algo mappo Exp RMAPPO updates 2180/3125 episodes, total num timesteps 6979200/1e7, FPS 447.

eval win rate is 0.3939393939393939.

 Map protoss_5_vs_5 Algo mappo Exp RMAPPO updates 2185/3125 episodes, total num timesteps 6995200/1e7, FPS 447.

eval win rate is 0.42424242424242425.

 Map protoss_5_vs_5 Algo mappo Exp RMAPPO updates 2190/3125 episodes, total num timesteps 7011200/1e7, FPS 447.

eval win rate is 0.2727272727272727.

 Map protoss_5_vs_5 Algo mappo Exp RMAPPO updates 2195/3125 episodes, total num timesteps 7027200/1e7, FPS 447.

eval win rate is 0.30303030303030304.

 Map protoss_5_vs_5 Algo mappo Exp RMAPPO updates 2200/3125 episodes, total num timesteps 7043200/1e7, FPS 447.

eval win rate is 0.36363636363636365.

 Map protoss_5_vs_5 Algo mappo Exp RMAPPO updates 2205/3125 episodes, total num timesteps 7059200/1e7, FPS 447.

eval win rate is 0.48484848484848486.

 Map protoss_5_vs_5 Algo mappo Exp RMAPPO updates 2210/3125 episodes, total num timesteps 7075200/1e7, FPS 447.

eval win rate is 0.45454545454545453.

 Map protoss_5_vs_5 Algo mappo Exp RMAPPO updates 2215/3125 episodes, total num timesteps 7091200/1e7, FPS 447.

eval win rate is 0.45454545454545453.

 Map protoss_5_vs_5 Algo mappo Exp RMAPPO updates 2220/3125 episodes, total num timesteps 7107200/1e7, FPS 447.

eval win rate is 0.3939393939393939.

 Map protoss_5_vs_5 Algo mappo Exp RMAPPO updates 2225/3125 episodes, total num timesteps 7123200/1e7, FPS 448.

eval win rate is 0.5454545454545454.

 Map protoss_5_vs_5 Algo mappo Exp RMAPPO updates 2230/3125 episodes, total num timesteps 7139200/1e7, FPS 448.

eval win rate is 0.38235294117647056.

 Map protoss_5_vs_5 Algo mappo Exp RMAPPO updates 2235/3125 episodes, total num timesteps 7155200/1e7, FPS 448.

eval win rate is 0.38235294117647056.

 Map protoss_5_vs_5 Algo mappo Exp RMAPPO updates 2240/3125 episodes, total num timesteps 7171200/1e7, FPS 448.

eval win rate is 0.6363636363636364.

 Map protoss_5_vs_5 Algo mappo Exp RMAPPO updates 2245/3125 episodes, total num timesteps 7187200/1e7, FPS 448.

eval win rate is 0.48484848484848486.

 Map protoss_5_vs_5 Algo mappo Exp RMAPPO updates 2250/3125 episodes, total num timesteps 7203200/1e7, FPS 448.

eval win rate is 0.3333333333333333.

 Map protoss_5_vs_5 Algo mappo Exp RMAPPO updates 2255/3125 episodes, total num timesteps 7219200/1e7, FPS 448.

eval win rate is 0.42424242424242425.

 Map protoss_5_vs_5 Algo mappo Exp RMAPPO updates 2260/3125 episodes, total num timesteps 7235200/1e7, FPS 448.

eval win rate is 0.42424242424242425.

 Map protoss_5_vs_5 Algo mappo Exp RMAPPO updates 2265/3125 episodes, total num timesteps 7251200/1e7, FPS 448.

eval win rate is 0.38235294117647056.

 Map protoss_5_vs_5 Algo mappo Exp RMAPPO updates 2270/3125 episodes, total num timesteps 7267200/1e7, FPS 449.

eval win rate is 0.45454545454545453.

 Map protoss_5_vs_5 Algo mappo Exp RMAPPO updates 2275/3125 episodes, total num timesteps 7283200/1e7, FPS 448.

eval win rate is 0.42424242424242425.

 Map protoss_5_vs_5 Algo mappo Exp RMAPPO updates 2280/3125 episodes, total num timesteps 7299200/1e7, FPS 447.

eval win rate is 0.5151515151515151.

 Map protoss_5_vs_5 Algo mappo Exp RMAPPO updates 2285/3125 episodes, total num timesteps 7315200/1e7, FPS 448.

eval win rate is 0.5454545454545454.

 Map protoss_5_vs_5 Algo mappo Exp RMAPPO updates 2290/3125 episodes, total num timesteps 7331200/1e7, FPS 448.

eval win rate is 0.3333333333333333.

 Map protoss_5_vs_5 Algo mappo Exp RMAPPO updates 2295/3125 episodes, total num timesteps 7347200/1e7, FPS 448.

eval win rate is 0.48484848484848486.

 Map protoss_5_vs_5 Algo mappo Exp RMAPPO updates 2300/3125 episodes, total num timesteps 7363200/1e7, FPS 448.

eval win rate is 0.30303030303030304.

 Map protoss_5_vs_5 Algo mappo Exp RMAPPO updates 2305/3125 episodes, total num timesteps 7379200/1e7, FPS 448.

eval win rate is 0.48484848484848486.

 Map protoss_5_vs_5 Algo mappo Exp RMAPPO updates 2310/3125 episodes, total num timesteps 7395200/1e7, FPS 448.

eval win rate is 0.42424242424242425.

 Map protoss_5_vs_5 Algo mappo Exp RMAPPO updates 2315/3125 episodes, total num timesteps 7411200/1e7, FPS 448.

eval win rate is 0.48484848484848486.

 Map protoss_5_vs_5 Algo mappo Exp RMAPPO updates 2320/3125 episodes, total num timesteps 7427200/1e7, FPS 449.

eval win rate is 0.45454545454545453.

 Map protoss_5_vs_5 Algo mappo Exp RMAPPO updates 2325/3125 episodes, total num timesteps 7443200/1e7, FPS 449.

eval win rate is 0.36363636363636365.

 Map protoss_5_vs_5 Algo mappo Exp RMAPPO updates 2330/3125 episodes, total num timesteps 7459200/1e7, FPS 449.

eval win rate is 0.42424242424242425.

 Map protoss_5_vs_5 Algo mappo Exp RMAPPO updates 2335/3125 episodes, total num timesteps 7475200/1e7, FPS 449.

eval win rate is 0.36363636363636365.

 Map protoss_5_vs_5 Algo mappo Exp RMAPPO updates 2340/3125 episodes, total num timesteps 7491200/1e7, FPS 449.

eval win rate is 0.45454545454545453.

 Map protoss_5_vs_5 Algo mappo Exp RMAPPO updates 2345/3125 episodes, total num timesteps 7507200/1e7, FPS 449.

eval win rate is 0.30303030303030304.

 Map protoss_5_vs_5 Algo mappo Exp RMAPPO updates 2350/3125 episodes, total num timesteps 7523200/1e7, FPS 449.

eval win rate is 0.45454545454545453.

 Map protoss_5_vs_5 Algo mappo Exp RMAPPO updates 2355/3125 episodes, total num timesteps 7539200/1e7, FPS 449.

eval win rate is 0.2727272727272727.

 Map protoss_5_vs_5 Algo mappo Exp RMAPPO updates 2360/3125 episodes, total num timesteps 7555200/1e7, FPS 449.

eval win rate is 0.5151515151515151.

 Map protoss_5_vs_5 Algo mappo Exp RMAPPO updates 2365/3125 episodes, total num timesteps 7571200/1e7, FPS 449.

eval win rate is 0.42424242424242425.

 Map protoss_5_vs_5 Algo mappo Exp RMAPPO updates 2370/3125 episodes, total num timesteps 7587200/1e7, FPS 449.

eval win rate is 0.36363636363636365.

 Map protoss_5_vs_5 Algo mappo Exp RMAPPO updates 2375/3125 episodes, total num timesteps 7603200/1e7, FPS 449.

eval win rate is 0.2727272727272727.

 Map protoss_5_vs_5 Algo mappo Exp RMAPPO updates 2380/3125 episodes, total num timesteps 7619200/1e7, FPS 449.

eval win rate is 0.4411764705882353.

 Map protoss_5_vs_5 Algo mappo Exp RMAPPO updates 2385/3125 episodes, total num timesteps 7635200/1e7, FPS 449.

eval win rate is 0.5151515151515151.

 Map protoss_5_vs_5 Algo mappo Exp RMAPPO updates 2390/3125 episodes, total num timesteps 7651200/1e7, FPS 449.

eval win rate is 0.45454545454545453.

 Map protoss_5_vs_5 Algo mappo Exp RMAPPO updates 2395/3125 episodes, total num timesteps 7667200/1e7, FPS 449.

eval win rate is 0.5882352941176471.

 Map protoss_5_vs_5 Algo mappo Exp RMAPPO updates 2400/3125 episodes, total num timesteps 7683200/1e7, FPS 450.

eval win rate is 0.3939393939393939.

 Map protoss_5_vs_5 Algo mappo Exp RMAPPO updates 2405/3125 episodes, total num timesteps 7699200/1e7, FPS 450.

eval win rate is 0.3333333333333333.

 Map protoss_5_vs_5 Algo mappo Exp RMAPPO updates 2410/3125 episodes, total num timesteps 7715200/1e7, FPS 450.

eval win rate is 0.48484848484848486.

 Map protoss_5_vs_5 Algo mappo Exp RMAPPO updates 2415/3125 episodes, total num timesteps 7731200/1e7, FPS 450.

eval win rate is 0.5151515151515151.

 Map protoss_5_vs_5 Algo mappo Exp RMAPPO updates 2420/3125 episodes, total num timesteps 7747200/1e7, FPS 450.

eval win rate is 0.42424242424242425.

 Map protoss_5_vs_5 Algo mappo Exp RMAPPO updates 2425/3125 episodes, total num timesteps 7763200/1e7, FPS 450.

eval win rate is 0.5294117647058824.

 Map protoss_5_vs_5 Algo mappo Exp RMAPPO updates 2430/3125 episodes, total num timesteps 7779200/1e7, FPS 450.

eval win rate is 0.5151515151515151.

 Map protoss_5_vs_5 Algo mappo Exp RMAPPO updates 2435/3125 episodes, total num timesteps 7795200/1e7, FPS 450.

eval win rate is 0.3939393939393939.

 Map protoss_5_vs_5 Algo mappo Exp RMAPPO updates 2440/3125 episodes, total num timesteps 7811200/1e7, FPS 449.

eval win rate is 0.48484848484848486.

 Map protoss_5_vs_5 Algo mappo Exp RMAPPO updates 2445/3125 episodes, total num timesteps 7827200/1e7, FPS 449.

eval win rate is 0.6176470588235294.

 Map protoss_5_vs_5 Algo mappo Exp RMAPPO updates 2450/3125 episodes, total num timesteps 7843200/1e7, FPS 449.

eval win rate is 0.42424242424242425.

 Map protoss_5_vs_5 Algo mappo Exp RMAPPO updates 2455/3125 episodes, total num timesteps 7859200/1e7, FPS 449.

eval win rate is 0.3939393939393939.

 Map protoss_5_vs_5 Algo mappo Exp RMAPPO updates 2460/3125 episodes, total num timesteps 7875200/1e7, FPS 449.

eval win rate is 0.45454545454545453.

 Map protoss_5_vs_5 Algo mappo Exp RMAPPO updates 2465/3125 episodes, total num timesteps 7891200/1e7, FPS 449.

eval win rate is 0.30303030303030304.

 Map protoss_5_vs_5 Algo mappo Exp RMAPPO updates 2470/3125 episodes, total num timesteps 7907200/1e7, FPS 449.

eval win rate is 0.5757575757575758.

 Map protoss_5_vs_5 Algo mappo Exp RMAPPO updates 2475/3125 episodes, total num timesteps 7923200/1e7, FPS 449.

eval win rate is 0.45454545454545453.

 Map protoss_5_vs_5 Algo mappo Exp RMAPPO updates 2480/3125 episodes, total num timesteps 7939200/1e7, FPS 449.

eval win rate is 0.30303030303030304.

 Map protoss_5_vs_5 Algo mappo Exp RMAPPO updates 2485/3125 episodes, total num timesteps 7955200/1e7, FPS 449.

eval win rate is 0.3939393939393939.

 Map protoss_5_vs_5 Algo mappo Exp RMAPPO updates 2490/3125 episodes, total num timesteps 7971200/1e7, FPS 449.

eval win rate is 0.45454545454545453.

 Map protoss_5_vs_5 Algo mappo Exp RMAPPO updates 2495/3125 episodes, total num timesteps 7987200/1e7, FPS 449.

eval win rate is 0.5151515151515151.

 Map protoss_5_vs_5 Algo mappo Exp RMAPPO updates 2500/3125 episodes, total num timesteps 8003200/1e7, FPS 449.

eval win rate is 0.47058823529411764.

 Map protoss_5_vs_5 Algo mappo Exp RMAPPO updates 2505/3125 episodes, total num timesteps 8019200/1e7, FPS 449.

eval win rate is 0.5151515151515151.

 Map protoss_5_vs_5 Algo mappo Exp RMAPPO updates 2510/3125 episodes, total num timesteps 8035200/1e7, FPS 449.

eval win rate is 0.38235294117647056.

 Map protoss_5_vs_5 Algo mappo Exp RMAPPO updates 2515/3125 episodes, total num timesteps 8051200/1e7, FPS 448.

eval win rate is 0.36363636363636365.

 Map protoss_5_vs_5 Algo mappo Exp RMAPPO updates 2520/3125 episodes, total num timesteps 8067200/1e7, FPS 448.

eval win rate is 0.5151515151515151.

 Map protoss_5_vs_5 Algo mappo Exp RMAPPO updates 2525/3125 episodes, total num timesteps 8083200/1e7, FPS 448.

eval win rate is 0.48484848484848486.

 Map protoss_5_vs_5 Algo mappo Exp RMAPPO updates 2530/3125 episodes, total num timesteps 8099200/1e7, FPS 448.

eval win rate is 0.5454545454545454.

 Map protoss_5_vs_5 Algo mappo Exp RMAPPO updates 2535/3125 episodes, total num timesteps 8115200/1e7, FPS 448.

eval win rate is 0.5151515151515151.

 Map protoss_5_vs_5 Algo mappo Exp RMAPPO updates 2540/3125 episodes, total num timesteps 8131200/1e7, FPS 449.

eval win rate is 0.45454545454545453.

 Map protoss_5_vs_5 Algo mappo Exp RMAPPO updates 2545/3125 episodes, total num timesteps 8147200/1e7, FPS 449.

eval win rate is 0.3939393939393939.

 Map protoss_5_vs_5 Algo mappo Exp RMAPPO updates 2550/3125 episodes, total num timesteps 8163200/1e7, FPS 449.

eval win rate is 0.36363636363636365.

 Map protoss_5_vs_5 Algo mappo Exp RMAPPO updates 2555/3125 episodes, total num timesteps 8179200/1e7, FPS 449.

eval win rate is 0.3333333333333333.

 Map protoss_5_vs_5 Algo mappo Exp RMAPPO updates 2560/3125 episodes, total num timesteps 8195200/1e7, FPS 449.

eval win rate is 0.48484848484848486.

 Map protoss_5_vs_5 Algo mappo Exp RMAPPO updates 2565/3125 episodes, total num timesteps 8211200/1e7, FPS 449.

eval win rate is 0.3333333333333333.

 Map protoss_5_vs_5 Algo mappo Exp RMAPPO updates 2570/3125 episodes, total num timesteps 8227200/1e7, FPS 449.

eval win rate is 0.5757575757575758.

 Map protoss_5_vs_5 Algo mappo Exp RMAPPO updates 2575/3125 episodes, total num timesteps 8243200/1e7, FPS 449.

eval win rate is 0.5294117647058824.

 Map protoss_5_vs_5 Algo mappo Exp RMAPPO updates 2580/3125 episodes, total num timesteps 8259200/1e7, FPS 449.

eval win rate is 0.36363636363636365.

 Map protoss_5_vs_5 Algo mappo Exp RMAPPO updates 2585/3125 episodes, total num timesteps 8275200/1e7, FPS 449.

eval win rate is 0.5151515151515151.

 Map protoss_5_vs_5 Algo mappo Exp RMAPPO updates 2590/3125 episodes, total num timesteps 8291200/1e7, FPS 449.

eval win rate is 0.45454545454545453.

 Map protoss_5_vs_5 Algo mappo Exp RMAPPO updates 2595/3125 episodes, total num timesteps 8307200/1e7, FPS 449.

eval win rate is 0.5454545454545454.

 Map protoss_5_vs_5 Algo mappo Exp RMAPPO updates 2600/3125 episodes, total num timesteps 8323200/1e7, FPS 449.

eval win rate is 0.5294117647058824.

 Map protoss_5_vs_5 Algo mappo Exp RMAPPO updates 2605/3125 episodes, total num timesteps 8339200/1e7, FPS 448.

eval win rate is 0.42424242424242425.

 Map protoss_5_vs_5 Algo mappo Exp RMAPPO updates 2610/3125 episodes, total num timesteps 8355200/1e7, FPS 448.

eval win rate is 0.48484848484848486.

 Map protoss_5_vs_5 Algo mappo Exp RMAPPO updates 2615/3125 episodes, total num timesteps 8371200/1e7, FPS 448.

eval win rate is 0.6363636363636364.

 Map protoss_5_vs_5 Algo mappo Exp RMAPPO updates 2620/3125 episodes, total num timesteps 8387200/1e7, FPS 448.

eval win rate is 0.5757575757575758.

 Map protoss_5_vs_5 Algo mappo Exp RMAPPO updates 2625/3125 episodes, total num timesteps 8403200/1e7, FPS 448.

eval win rate is 0.42424242424242425.

 Map protoss_5_vs_5 Algo mappo Exp RMAPPO updates 2630/3125 episodes, total num timesteps 8419200/1e7, FPS 448.

eval win rate is 0.3333333333333333.

 Map protoss_5_vs_5 Algo mappo Exp RMAPPO updates 2635/3125 episodes, total num timesteps 8435200/1e7, FPS 448.

eval win rate is 0.5454545454545454.

 Map protoss_5_vs_5 Algo mappo Exp RMAPPO updates 2640/3125 episodes, total num timesteps 8451200/1e7, FPS 448.

eval win rate is 0.5151515151515151.

 Map protoss_5_vs_5 Algo mappo Exp RMAPPO updates 2645/3125 episodes, total num timesteps 8467200/1e7, FPS 448.

eval win rate is 0.5588235294117647.

 Map protoss_5_vs_5 Algo mappo Exp RMAPPO updates 2650/3125 episodes, total num timesteps 8483200/1e7, FPS 449.

eval win rate is 0.5757575757575758.

 Map protoss_5_vs_5 Algo mappo Exp RMAPPO updates 2655/3125 episodes, total num timesteps 8499200/1e7, FPS 449.

eval win rate is 0.45454545454545453.

 Map protoss_5_vs_5 Algo mappo Exp RMAPPO updates 2660/3125 episodes, total num timesteps 8515200/1e7, FPS 449.

eval win rate is 0.6060606060606061.

 Map protoss_5_vs_5 Algo mappo Exp RMAPPO updates 2665/3125 episodes, total num timesteps 8531200/1e7, FPS 449.

eval win rate is 0.6060606060606061.

 Map protoss_5_vs_5 Algo mappo Exp RMAPPO updates 2670/3125 episodes, total num timesteps 8547200/1e7, FPS 449.

eval win rate is 0.3333333333333333.

 Map protoss_5_vs_5 Algo mappo Exp RMAPPO updates 2675/3125 episodes, total num timesteps 8563200/1e7, FPS 449.

eval win rate is 0.6060606060606061.

 Map protoss_5_vs_5 Algo mappo Exp RMAPPO updates 2680/3125 episodes, total num timesteps 8579200/1e7, FPS 449.

eval win rate is 0.6363636363636364.

 Map protoss_5_vs_5 Algo mappo Exp RMAPPO updates 2685/3125 episodes, total num timesteps 8595200/1e7, FPS 449.

eval win rate is 0.6764705882352942.

 Map protoss_5_vs_5 Algo mappo Exp RMAPPO updates 2690/3125 episodes, total num timesteps 8611200/1e7, FPS 449.

eval win rate is 0.45454545454545453.

 Map protoss_5_vs_5 Algo mappo Exp RMAPPO updates 2695/3125 episodes, total num timesteps 8627200/1e7, FPS 449.

eval win rate is 0.5151515151515151.

 Map protoss_5_vs_5 Algo mappo Exp RMAPPO updates 2700/3125 episodes, total num timesteps 8643200/1e7, FPS 449.

eval win rate is 0.5757575757575758.

 Map protoss_5_vs_5 Algo mappo Exp RMAPPO updates 2705/3125 episodes, total num timesteps 8659200/1e7, FPS 449.

eval win rate is 0.5454545454545454.

 Map protoss_5_vs_5 Algo mappo Exp RMAPPO updates 2710/3125 episodes, total num timesteps 8675200/1e7, FPS 449.

eval win rate is 0.5757575757575758.

 Map protoss_5_vs_5 Algo mappo Exp RMAPPO updates 2715/3125 episodes, total num timesteps 8691200/1e7, FPS 449.

eval win rate is 0.48484848484848486.

 Map protoss_5_vs_5 Algo mappo Exp RMAPPO updates 2720/3125 episodes, total num timesteps 8707200/1e7, FPS 449.

eval win rate is 0.5151515151515151.

 Map protoss_5_vs_5 Algo mappo Exp RMAPPO updates 2725/3125 episodes, total num timesteps 8723200/1e7, FPS 449.

eval win rate is 0.45454545454545453.

 Map protoss_5_vs_5 Algo mappo Exp RMAPPO updates 2730/3125 episodes, total num timesteps 8739200/1e7, FPS 449.

eval win rate is 0.5.

 Map protoss_5_vs_5 Algo mappo Exp RMAPPO updates 2735/3125 episodes, total num timesteps 8755200/1e7, FPS 449.

eval win rate is 0.42424242424242425.

 Map protoss_5_vs_5 Algo mappo Exp RMAPPO updates 2740/3125 episodes, total num timesteps 8771200/1e7, FPS 449.

eval win rate is 0.6176470588235294.

 Map protoss_5_vs_5 Algo mappo Exp RMAPPO updates 2745/3125 episodes, total num timesteps 8787200/1e7, FPS 449.

eval win rate is 0.36363636363636365.

 Map protoss_5_vs_5 Algo mappo Exp RMAPPO updates 2750/3125 episodes, total num timesteps 8803200/1e7, FPS 449.

eval win rate is 0.3939393939393939.

 Map protoss_5_vs_5 Algo mappo Exp RMAPPO updates 2755/3125 episodes, total num timesteps 8819200/1e7, FPS 450.

eval win rate is 0.6666666666666666.

 Map protoss_5_vs_5 Algo mappo Exp RMAPPO updates 2760/3125 episodes, total num timesteps 8835200/1e7, FPS 450.

eval win rate is 0.45454545454545453.

 Map protoss_5_vs_5 Algo mappo Exp RMAPPO updates 2765/3125 episodes, total num timesteps 8851200/1e7, FPS 448.

eval win rate is 0.36363636363636365.

 Map protoss_5_vs_5 Algo mappo Exp RMAPPO updates 2770/3125 episodes, total num timesteps 8867200/1e7, FPS 448.

eval win rate is 0.48484848484848486.

 Map protoss_5_vs_5 Algo mappo Exp RMAPPO updates 2775/3125 episodes, total num timesteps 8883200/1e7, FPS 449.

eval win rate is 0.5757575757575758.

 Map protoss_5_vs_5 Algo mappo Exp RMAPPO updates 2780/3125 episodes, total num timesteps 8899200/1e7, FPS 449.

eval win rate is 0.36363636363636365.

 Map protoss_5_vs_5 Algo mappo Exp RMAPPO updates 2785/3125 episodes, total num timesteps 8915200/1e7, FPS 449.

eval win rate is 0.5151515151515151.

 Map protoss_5_vs_5 Algo mappo Exp RMAPPO updates 2790/3125 episodes, total num timesteps 8931200/1e7, FPS 449.

eval win rate is 0.5454545454545454.

 Map protoss_5_vs_5 Algo mappo Exp RMAPPO updates 2795/3125 episodes, total num timesteps 8947200/1e7, FPS 449.

eval win rate is 0.5151515151515151.

 Map protoss_5_vs_5 Algo mappo Exp RMAPPO updates 2800/3125 episodes, total num timesteps 8963200/1e7, FPS 449.

eval win rate is 0.45454545454545453.

 Map protoss_5_vs_5 Algo mappo Exp RMAPPO updates 2805/3125 episodes, total num timesteps 8979200/1e7, FPS 449.

eval win rate is 0.5.

 Map protoss_5_vs_5 Algo mappo Exp RMAPPO updates 2810/3125 episodes, total num timesteps 8995200/1e7, FPS 449.

eval win rate is 0.42424242424242425.

 Map protoss_5_vs_5 Algo mappo Exp RMAPPO updates 2815/3125 episodes, total num timesteps 9011200/1e7, FPS 449.

eval win rate is 0.4117647058823529.

 Map protoss_5_vs_5 Algo mappo Exp RMAPPO updates 2820/3125 episodes, total num timesteps 9027200/1e7, FPS 449.

eval win rate is 0.45454545454545453.

 Map protoss_5_vs_5 Algo mappo Exp RMAPPO updates 2825/3125 episodes, total num timesteps 9043200/1e7, FPS 449.

eval win rate is 0.48484848484848486.

 Map protoss_5_vs_5 Algo mappo Exp RMAPPO updates 2830/3125 episodes, total num timesteps 9059200/1e7, FPS 449.

eval win rate is 0.3939393939393939.

 Map protoss_5_vs_5 Algo mappo Exp RMAPPO updates 2835/3125 episodes, total num timesteps 9075200/1e7, FPS 449.

eval win rate is 0.3333333333333333.

 Map protoss_5_vs_5 Algo mappo Exp RMAPPO updates 2840/3125 episodes, total num timesteps 9091200/1e7, FPS 449.

eval win rate is 0.5454545454545454.

 Map protoss_5_vs_5 Algo mappo Exp RMAPPO updates 2845/3125 episodes, total num timesteps 9107200/1e7, FPS 449.

eval win rate is 0.696969696969697.

 Map protoss_5_vs_5 Algo mappo Exp RMAPPO updates 2850/3125 episodes, total num timesteps 9123200/1e7, FPS 449.

eval win rate is 0.6060606060606061.

 Map protoss_5_vs_5 Algo mappo Exp RMAPPO updates 2855/3125 episodes, total num timesteps 9139200/1e7, FPS 449.

eval win rate is 0.34285714285714286.

 Map protoss_5_vs_5 Algo mappo Exp RMAPPO updates 2860/3125 episodes, total num timesteps 9155200/1e7, FPS 449.

eval win rate is 0.21212121212121213.

 Map protoss_5_vs_5 Algo mappo Exp RMAPPO updates 2865/3125 episodes, total num timesteps 9171200/1e7, FPS 449.

eval win rate is 0.36363636363636365.

 Map protoss_5_vs_5 Algo mappo Exp RMAPPO updates 2870/3125 episodes, total num timesteps 9187200/1e7, FPS 450.

eval win rate is 0.42424242424242425.

 Map protoss_5_vs_5 Algo mappo Exp RMAPPO updates 2875/3125 episodes, total num timesteps 9203200/1e7, FPS 450.

eval win rate is 0.6060606060606061.

 Map protoss_5_vs_5 Algo mappo Exp RMAPPO updates 2880/3125 episodes, total num timesteps 9219200/1e7, FPS 450.

eval win rate is 0.3939393939393939.

 Map protoss_5_vs_5 Algo mappo Exp RMAPPO updates 2885/3125 episodes, total num timesteps 9235200/1e7, FPS 450.

eval win rate is 0.5151515151515151.

 Map protoss_5_vs_5 Algo mappo Exp RMAPPO updates 2890/3125 episodes, total num timesteps 9251200/1e7, FPS 450.

eval win rate is 0.3333333333333333.

 Map protoss_5_vs_5 Algo mappo Exp RMAPPO updates 2895/3125 episodes, total num timesteps 9267200/1e7, FPS 450.

eval win rate is 0.6363636363636364.

 Map protoss_5_vs_5 Algo mappo Exp RMAPPO updates 2900/3125 episodes, total num timesteps 9283200/1e7, FPS 450.

eval win rate is 0.4411764705882353.

 Map protoss_5_vs_5 Algo mappo Exp RMAPPO updates 2905/3125 episodes, total num timesteps 9299200/1e7, FPS 450.

eval win rate is 0.7272727272727273.

 Map protoss_5_vs_5 Algo mappo Exp RMAPPO updates 2910/3125 episodes, total num timesteps 9315200/1e7, FPS 450.

eval win rate is 0.5151515151515151.

 Map protoss_5_vs_5 Algo mappo Exp RMAPPO updates 2915/3125 episodes, total num timesteps 9331200/1e7, FPS 450.

eval win rate is 0.5151515151515151.

 Map protoss_5_vs_5 Algo mappo Exp RMAPPO updates 2920/3125 episodes, total num timesteps 9347200/1e7, FPS 450.

eval win rate is 0.42424242424242425.

 Map protoss_5_vs_5 Algo mappo Exp RMAPPO updates 2925/3125 episodes, total num timesteps 9363200/1e7, FPS 450.

eval win rate is 0.42424242424242425.

 Map protoss_5_vs_5 Algo mappo Exp RMAPPO updates 2930/3125 episodes, total num timesteps 9379200/1e7, FPS 449.

eval win rate is 0.36363636363636365.

 Map protoss_5_vs_5 Algo mappo Exp RMAPPO updates 2935/3125 episodes, total num timesteps 9395200/1e7, FPS 449.

eval win rate is 0.3333333333333333.

 Map protoss_5_vs_5 Algo mappo Exp RMAPPO updates 2940/3125 episodes, total num timesteps 9411200/1e7, FPS 449.

eval win rate is 0.5151515151515151.

 Map protoss_5_vs_5 Algo mappo Exp RMAPPO updates 2945/3125 episodes, total num timesteps 9427200/1e7, FPS 449.

eval win rate is 0.5757575757575758.

 Map protoss_5_vs_5 Algo mappo Exp RMAPPO updates 2950/3125 episodes, total num timesteps 9443200/1e7, FPS 449.

eval win rate is 0.5151515151515151.

 Map protoss_5_vs_5 Algo mappo Exp RMAPPO updates 2955/3125 episodes, total num timesteps 9459200/1e7, FPS 449.

eval win rate is 0.45454545454545453.

 Map protoss_5_vs_5 Algo mappo Exp RMAPPO updates 2960/3125 episodes, total num timesteps 9475200/1e7, FPS 449.

eval win rate is 0.45454545454545453.

 Map protoss_5_vs_5 Algo mappo Exp RMAPPO updates 2965/3125 episodes, total num timesteps 9491200/1e7, FPS 450.

eval win rate is 0.5757575757575758.

 Map protoss_5_vs_5 Algo mappo Exp RMAPPO updates 2970/3125 episodes, total num timesteps 9507200/1e7, FPS 450.

eval win rate is 0.5151515151515151.

 Map protoss_5_vs_5 Algo mappo Exp RMAPPO updates 2975/3125 episodes, total num timesteps 9523200/1e7, FPS 450.

eval win rate is 0.48484848484848486.

 Map protoss_5_vs_5 Algo mappo Exp RMAPPO updates 2980/3125 episodes, total num timesteps 9539200/1e7, FPS 450.

eval win rate is 0.42424242424242425.

 Map protoss_5_vs_5 Algo mappo Exp RMAPPO updates 2985/3125 episodes, total num timesteps 9555200/1e7, FPS 450.

eval win rate is 0.48484848484848486.

 Map protoss_5_vs_5 Algo mappo Exp RMAPPO updates 2990/3125 episodes, total num timesteps 9571200/1e7, FPS 450.

eval win rate is 0.48484848484848486.

 Map protoss_5_vs_5 Algo mappo Exp RMAPPO updates 2995/3125 episodes, total num timesteps 9587200/1e7, FPS 450.

eval win rate is 0.3333333333333333.

 Map protoss_5_vs_5 Algo mappo Exp RMAPPO updates 3000/3125 episodes, total num timesteps 9603200/1e7, FPS 450.

eval win rate is 0.5757575757575758.

 Map protoss_5_vs_5 Algo mappo Exp RMAPPO updates 3005/3125 episodes, total num timesteps 9619200/1e7, FPS 450.

eval win rate is 0.42424242424242425.

 Map protoss_5_vs_5 Algo mappo Exp RMAPPO updates 3010/3125 episodes, total num timesteps 9635200/1e7, FPS 450.

eval win rate is 0.5151515151515151.

 Map protoss_5_vs_5 Algo mappo Exp RMAPPO updates 3015/3125 episodes, total num timesteps 9651200/1e7, FPS 450.

eval win rate is 0.36363636363636365.

 Map protoss_5_vs_5 Algo mappo Exp RMAPPO updates 3020/3125 episodes, total num timesteps 9667200/1e7, FPS 450.

eval win rate is 0.5454545454545454.

 Map protoss_5_vs_5 Algo mappo Exp RMAPPO updates 3025/3125 episodes, total num timesteps 9683200/1e7, FPS 450.

eval win rate is 0.42424242424242425.

 Map protoss_5_vs_5 Algo mappo Exp RMAPPO updates 3030/3125 episodes, total num timesteps 9699200/1e7, FPS 450.

eval win rate is 0.5454545454545454.

 Map protoss_5_vs_5 Algo mappo Exp RMAPPO updates 3035/3125 episodes, total num timesteps 9715200/1e7, FPS 450.

eval win rate is 0.36363636363636365.

 Map protoss_5_vs_5 Algo mappo Exp RMAPPO updates 3040/3125 episodes, total num timesteps 9731200/1e7, FPS 450.

eval win rate is 0.48484848484848486.

 Map protoss_5_vs_5 Algo mappo Exp RMAPPO updates 3045/3125 episodes, total num timesteps 9747200/1e7, FPS 450.

eval win rate is 0.5454545454545454.

 Map protoss_5_vs_5 Algo mappo Exp RMAPPO updates 3050/3125 episodes, total num timesteps 9763200/1e7, FPS 450.

eval win rate is 0.45454545454545453.

 Map protoss_5_vs_5 Algo mappo Exp RMAPPO updates 3055/3125 episodes, total num timesteps 9779200/1e7, FPS 450.

eval win rate is 0.45454545454545453.

 Map protoss_5_vs_5 Algo mappo Exp RMAPPO updates 3060/3125 episodes, total num timesteps 9795200/1e7, FPS 450.

eval win rate is 0.5882352941176471.

 Map protoss_5_vs_5 Algo mappo Exp RMAPPO updates 3065/3125 episodes, total num timesteps 9811200/1e7, FPS 451.

eval win rate is 0.2727272727272727.

 Map protoss_5_vs_5 Algo mappo Exp RMAPPO updates 3070/3125 episodes, total num timesteps 9827200/1e7, FPS 451.

eval win rate is 0.48484848484848486.

 Map protoss_5_vs_5 Algo mappo Exp RMAPPO updates 3075/3125 episodes, total num timesteps 9843200/1e7, FPS 451.

eval win rate is 0.5151515151515151.

 Map protoss_5_vs_5 Algo mappo Exp RMAPPO updates 3080/3125 episodes, total num timesteps 9859200/1e7, FPS 451.

eval win rate is 0.5454545454545454.

 Map protoss_5_vs_5 Algo mappo Exp RMAPPO updates 3085/3125 episodes, total num timesteps 9875200/1e7, FPS 451.

eval win rate is 0.48484848484848486.

 Map protoss_5_vs_5 Algo mappo Exp RMAPPO updates 3090/3125 episodes, total num timesteps 9891200/1e7, FPS 450.

eval win rate is 0.5151515151515151.

 Map protoss_5_vs_5 Algo mappo Exp RMAPPO updates 3095/3125 episodes, total num timesteps 9907200/1e7, FPS 450.

eval win rate is 0.5151515151515151.

 Map protoss_5_vs_5 Algo mappo Exp RMAPPO updates 3100/3125 episodes, total num timesteps 9923200/1e7, FPS 450.

eval win rate is 0.3939393939393939.

 Map protoss_5_vs_5 Algo mappo Exp RMAPPO updates 3105/3125 episodes, total num timesteps 9939200/1e7, FPS 450.

eval win rate is 0.3333333333333333.

 Map protoss_5_vs_5 Algo mappo Exp RMAPPO updates 3110/3125 episodes, total num timesteps 9955200/1e7, FPS 450.

eval win rate is 0.5.

 Map protoss_5_vs_5 Algo mappo Exp RMAPPO updates 3115/3125 episodes, total num timesteps 9971200/1e7, FPS 450.

eval win rate is 0.45454545454545453.

 Map protoss_5_vs_5 Algo mappo Exp RMAPPO updates 3120/3125 episodes, total num timesteps 9987200/1e7, FPS 450.

eval win rate is 0.42424242424242425.
